The field "cli.appVersionSource" is not set, but it will be required in the future. Learn more: https://docs.expo.dev/build-reference/app-versions/
Resolved "development" environment for the build. Learn more: https://docs.expo.dev/eas/environment-variables/#setting-the-environment-for-your-builds
No environment variables with visibility "Plain text" and "Sensitive" found for the "development" environment on EAS.

The field "cli.appVersionSource" is not set, but it will be required in the future. Learn more: https://docs.expo.dev/build-reference/app-versions/
âœ” Using remote Android credentials (Expo server)
âœ” Using Keystore from configuration: Build Credentials y7NEymRgmi (default)
â ‹ Computing project fingerprintâ ™ Computing project fingerprintâ ¹ Computing project fingerprintâ ¸ Computing project fingerprintâ ¼ Computing project fingerprintâ ´ Computing project fingerprintâ ¦ Computing project fingerprintâ § Computing project fingerprintâ ‡ Computing project fingerprintâ  Computing project fingerprintâ ‹ Computing project fingerprintâ ™ Computing project fingerprintâœ” Computed project fingerprint
ANDROID_NDK_HOME environment variable was not specified, continuing build without NDK
[SETUP_WORKINGDIR] Preparing workingdir /var/folders/33/xjdj0lnj18l9k1zh14jmvrd00000gn/T/eas-build-local-nodejs/0859102e-2581-40dd-b9be-840bb12faf7a
[START_BUILD] Starting build
  "job": {
    "type": "managed",
    "platform": "android",
    "projectRootDirectory": "apps/mobile",
    "projectArchive": {
      "type": "PATH",
      "path": "/var/folders/33/xjdj0lnj18l9k1zh14jmvrd00000gn/T/eas-cli-nodejs/efec945c-1302-44a0-9e87-d60d04378144.tar.gz"
    },
    "builderEnvironment": {
      "env": {}
    },
    "cache": {
      "disabled": false,
      "paths": [],
      "clear": false
    },
    "updates": {},
    "developmentClient": true,
    "buildType": "apk",
    "username": "pavanpaik",
    "experimental": {},
    "mode": "build",
    "triggeredBy": "EAS_CLI",
    "appId": "727322cf-d1f8-49ae-8678-cf2cc1fe478f",
    "initiatingUserId": "c3c2903b-63dd-4e30-aad3-fb0000cac91b"
  }
Local build, skipping project archive refresh
[READ_PACKAGE_JSON] Using package.json:
[READ_PACKAGE_JSON] {
  "name": "@scatty/mobile",
  "version": "1.0.0",
  "main": "expo-router/entry",
  "scripts": {
    "start": "expo start",
    "android": "expo run:android",
    "ios": "expo run:ios",
    "web": "expo start --web",
    "web:secure": "expo start --web --https",
    "postinstall": "jetify"
  },
  "dependencies": {
    "@expo/metro-runtime": "~4.0.1",
    "@expo/vector-icons": "14.0.4",
    "@react-native-voice/voice": "^3.2.4",
    "@scatty/shared": "*",
    "expo": "~52.0.0",
    "expo-av": "~15.0.1",
    "expo-camera": "~16.0.0",
    "expo-dev-client": "~5.0.20",
    "expo-font": "~13.0.0",
    "expo-linking": "~7.0.0",
    "expo-router": "~4.0.0",
    "expo-speech": "~13.0.0",
    "expo-status-bar": "~2.0.0",
    "react": "18.3.1",
    "react-dom": "^18.3.1",
    "react-native": "0.76.9",
    "react-native-reanimated": "~3.16.1",
    "react-native-safe-area-context": "4.12.0",
    "react-native-screens": "~4.4.0",
    "react-native-web": "~0.19.13",
    "socket.io-client": "^4.7.4",
    "zustand": "^4.4.7"
  },
  "devDependencies": {
    "@babel/core": "^7.24.0",
    "@types/react": "~18.3.12",
    "jetifier": "^2.0.0",
    "typescript": "^5.3.3"
  },
  "private": true
}
[INSTALL_DEPENDENCIES] We detected that 'apps/mobile' is a npm workspace
[INSTALL_DEPENDENCIES] Running "npm install" in /var/folders/33/xjdj0lnj18l9k1zh14jmvrd00000gn/T/eas-build-local-nodejs/0859102e-2581-40dd-b9be-840bb12faf7a/build directory
[INSTALL_DEPENDENCIES] npm warn deprecated inflight@1.0.6: This module is not supported, and leaks memory. Do not use it. Check out lru-cache if you want a good and tested way to coalesce async requests by a key value, which is much more comprehensive and powerful.
[INSTALL_DEPENDENCIES] npm warn deprecated @babel/plugin-proposal-nullish-coalescing-operator@7.18.6: This proposal has been merged to the ECMAScript standard and thus this plugin is no longer maintained. Please use @babel/plugin-transform-nullish-coalescing-operator instead.
[INSTALL_DEPENDENCIES] npm warn deprecated @babel/plugin-proposal-class-properties@7.18.6: This proposal has been merged to the ECMAScript standard and thus this plugin is no longer maintained. Please use @babel/plugin-transform-class-properties instead.
[INSTALL_DEPENDENCIES] npm warn deprecated rimraf@2.6.3: Rimraf versions prior to v4 are no longer supported
[INSTALL_DEPENDENCIES] npm warn deprecated rimraf@3.0.2: Rimraf versions prior to v4 are no longer supported
[INSTALL_DEPENDENCIES] npm warn deprecated @babel/plugin-proposal-optional-chaining@7.21.0: This proposal has been merged to the ECMAScript standard and thus this plugin is no longer maintained. Please use @babel/plugin-transform-optional-chaining instead.
[INSTALL_DEPENDENCIES] npm warn deprecated glob@7.1.6: Glob versions prior to v9 are no longer supported
[INSTALL_DEPENDENCIES] npm warn deprecated @xmldom/xmldom@0.7.13: this version is no longer supported, please update to at least 0.8.*
[INSTALL_DEPENDENCIES] npm warn deprecated @xmldom/xmldom@0.7.13: this version is no longer supported, please update to at least 0.8.*
[INSTALL_DEPENDENCIES] npm warn deprecated @xmldom/xmldom@0.7.13: this version is no longer supported, please update to at least 0.8.*
[INSTALL_DEPENDENCIES] npm warn deprecated @xmldom/xmldom@0.7.13: this version is no longer supported, please update to at least 0.8.*
[INSTALL_DEPENDENCIES] added 1042 packages, and audited 1046 packages in 9s
[INSTALL_DEPENDENCIES] 97 packages are looking for funding
[INSTALL_DEPENDENCIES]   run `npm fund` for details
[INSTALL_DEPENDENCIES] 5 vulnerabilities (4 moderate, 1 critical)
[INSTALL_DEPENDENCIES] 
[INSTALL_DEPENDENCIES] To address all issues (including breaking changes), run:
[INSTALL_DEPENDENCIES]   npm audit fix --force
[INSTALL_DEPENDENCIES] 
[INSTALL_DEPENDENCIES] Run `npm audit` for details.
The NODE_ENV environment variable is required but was not specified. Ensure the project is bundled with Expo CLI or NODE_ENV is set.
Proceeding without mode-specific .env
[READ_APP_CONFIG] Using app configuration:
[READ_APP_CONFIG] {
  "name": "Scatty",
  "slug": "scatty",
  "version": "1.0.0",
  "orientation": "portrait",
  "scheme": "scatty",
  "userInterfaceStyle": "light",
  "splash": {
    "backgroundColor": "#FFF9FB"
  },
  "icon": "./assets/icon.png",
  "android": {
    "package": "com.scatty.app",
    "permissions": [
      "android.permission.RECORD_AUDIO",
      "android.permission.CAMERA"
    ]
  },
  "assetBundlePatterns": [
    "**/*"
  ],
  "web": {
    "bundler": "metro",
    "output": "single",
    "favicon": "./assets/favicon.png"
  },
  "ios": {
    "supportsTablet": false,
    "bundleIdentifier": "com.scatty.app",
    "infoPlist": {
      "NSSpeechRecognitionUsageDescription": "Scatty needs access to speech recognition to understand your voice commands.",
      "NSMicrophoneUsageDescription": "Scatty needs access to your microphone to hear you.",
      "NSCameraUsageDescription": "Scatty needs access to your camera to see what you show it."
    }
  },
  "plugins": [
    "expo-router",
    [
      "expo-camera",
      {
        "cameraPermission": "Allow Scatty to access your camera to see what you show it."
      }
    ],
    [
      "@react-native-voice/voice",
      {
        "microphonePermission": "Allow Scatty to access your microphone to hear you.",
        "speechRecognitionPermission": "Allow Scatty to use speech recognition."
      }
    ],
    "./plugins/withAndroidManifestToolsReplace"
  ],
  "experiments": {
    "typedRoutes": true
  },
  "extra": {
    "router": {
      "origin": false
    },
    "eas": {
      "projectId": "727322cf-d1f8-49ae-8678-cf2cc1fe478f"
    }
  },
  "sdkVersion": "52.0.0",
  "platforms": [
    "ios",
    "android",
    "web"
  ]
}
[RUN_EXPO_DOCTOR] Running "expo doctor"
[RUN_EXPO_DOCTOR] Running 17 checks on your project...
[RUN_EXPO_DOCTOR] 12/17 checks passed. 5 checks failed. Possible issues detected:
[RUN_EXPO_DOCTOR] Use the --verbose flag to see more details about passed checks.
[RUN_EXPO_DOCTOR] 
[RUN_EXPO_DOCTOR] âœ– Check Expo config (app.json/ app.config.js) schema
[RUN_EXPO_DOCTOR] Error validating asset fields in /private/var/folders/33/xjdj0lnj18l9k1zh14jmvrd00000gn/T/eas-build-local-nodejs/0859102e-2581-40dd-b9be-840bb12faf7a/build/apps/mobile/app.json:
[RUN_EXPO_DOCTOR]  Field: icon - the file extension should match the content, but the file extension is .png while the file content at './assets/icon.png' is of type jpg.
[RUN_EXPO_DOCTOR]  Field: icon - field 'icon' should point to .png image but the file at './assets/icon.png' has type jpg.
[RUN_EXPO_DOCTOR] Advice:
[RUN_EXPO_DOCTOR] Resolve schema errors in your app config. Learn more: https://docs.expo.dev/workflow/configuration/
[RUN_EXPO_DOCTOR] 
[RUN_EXPO_DOCTOR] âœ– Check for issues with Metro config
[RUN_EXPO_DOCTOR] - "watchFolders" does not contain all entries from Expo's defaults
[RUN_EXPO_DOCTOR] - "resolver.disableHierarchicalLookup" mismatch. Expected false, got: true
[RUN_EXPO_DOCTOR] Advice:
[RUN_EXPO_DOCTOR] Modifying the "metro.config.js" is dangerous and may lead to unintended consequences.
[RUN_EXPO_DOCTOR] Unless you know what these overrides do, remove them and adopt the recommended values from "expo/metro-config".
[RUN_EXPO_DOCTOR] 
[RUN_EXPO_DOCTOR] âœ– Check that native modules use compatible support package versions for installed Expo SDK
[RUN_EXPO_DOCTOR] Expected package @expo/config-plugins@~9.0.0
[RUN_EXPO_DOCTOR] Found invalid:
[RUN_EXPO_DOCTOR]   @expo/config-plugins@2.0.4
[RUN_EXPO_DOCTOR]   (for more info, run: npm why @expo/config-plugins)
[RUN_EXPO_DOCTOR] Advice:
[RUN_EXPO_DOCTOR] Upgrade dependencies that are using the invalid package versions.
[RUN_EXPO_DOCTOR] 
[RUN_EXPO_DOCTOR] âœ– Validate packages against React Native Directory package metadata
[RUN_EXPO_DOCTOR] The following issues were found when validating your dependencies against React Native Directory:
[RUN_EXPO_DOCTOR]   Unmaintained: expo-av
[RUN_EXPO_DOCTOR]   No metadata available: @scatty/shared, socket.io-client
[RUN_EXPO_DOCTOR] Advice:
[RUN_EXPO_DOCTOR] Use libraries that are actively maintained and support the New Architecture. Find alternative libraries with https://reactnative.directory.
[RUN_EXPO_DOCTOR] Add packages to expo.doctor.reactNativeDirectoryCheck.exclude in package.json to selectively skip validations, if the warning is not relevant.
[RUN_EXPO_DOCTOR] Update React Native Directory to include metadata for unknown packages. Alternatively, set expo.doctor.reactNativeDirectoryCheck.listUnknownPackages in package.json to false to skip warnings about packages with no metadata, if the warning is not relevant.
[RUN_EXPO_DOCTOR] 
[RUN_EXPO_DOCTOR] âœ– Check that packages match versions required by installed Expo SDK
[RUN_EXPO_DOCTOR] The following packages should be updated for best compatibility with the installed expo version:
[RUN_EXPO_DOCTOR]   @expo/metro-runtime@6.1.2 - expected version: ~4.0.1
[RUN_EXPO_DOCTOR] Your project may not work correctly until you install the expected versions of the packages.
[RUN_EXPO_DOCTOR] Found outdated dependencies
[RUN_EXPO_DOCTOR] Advice:
[RUN_EXPO_DOCTOR] Use 'npx expo install --check' to review and upgrade your dependencies.
[RUN_EXPO_DOCTOR] To ignore specific packages, add them to "expo.install.exclude" in package.json. Learn more: https://expo.fyi/dependency-validation
[RUN_EXPO_DOCTOR] 5 checks failed, indicating possible issues with the project.
[RUN_EXPO_DOCTOR] Command "expo doctor" failed.
Error: npx -y expo-doctor exited with non-zero code: 1
    at ChildProcess.completionListener (/Users/ppai/.npm/_npx/51b74c4db9e60cb6/node_modules/@expo/spawn-async/build/spawnAsync.js:42:23)
    at Object.onceWrapper (node:events:634:26)
    at ChildProcess.emit (node:events:519:28)
    at maybeClose (node:internal/child_process:1101:16)
    at ChildProcess._handle.onexit (node:internal/child_process:304:5)
    ...
    at spawnAsync (/Users/ppai/.npm/_npx/51b74c4db9e60cb6/node_modules/@expo/spawn-async/build/spawnAsync.js:7:23)
    at spawn (/Users/ppai/.npm/_npx/51b74c4db9e60cb6/node_modules/@expo/turtle-spawn/dist/index.js:16:47)
    at runExpoDoctor (/Users/ppai/.npm/_npx/51b74c4db9e60cb6/node_modules/@expo/build-tools/dist/common/setup.js:124:52)
    at async /Users/ppai/.npm/_npx/51b74c4db9e60cb6/node_modules/@expo/build-tools/dist/common/setup.js:103:17
    at async BuildContext.runBuildPhase (/Users/ppai/.npm/_npx/51b74c4db9e60cb6/node_modules/@expo/build-tools/dist/context.js:123:28)
    at async setupAsync (/Users/ppai/.npm/_npx/51b74c4db9e60cb6/node_modules/@expo/build-tools/dist/common/setup.js:101:9)
    at async buildAsync (/Users/ppai/.npm/_npx/51b74c4db9e60cb6/node_modules/@expo/build-tools/dist/builders/android.js:72:5)
    at async runBuilderWithHooksAsync (/Users/ppai/.npm/_npx/51b74c4db9e60cb6/node_modules/@expo/build-tools/dist/builders/common.js:12:13)
    at async Object.androidBuilder (/Users/ppai/.npm/_npx/51b74c4db9e60cb6/node_modules/@expo/build-tools/dist/builders/android.js:59:16)
    at async buildAndroidAsync (/Users/ppai/.npm/_npx/51b74c4db9e60cb6/node_modules/eas-cli-local-build-plugin/dist/android.js:44:12)
[PREBUILD] - Creating native directory (./android)
[PREBUILD] âœ” Created native directory
[PREBUILD] - Updating package.json
[PREBUILD] âœ” Updated package.json | no changes
[PREBUILD] - Running prebuild
[PREBUILD] Â» android: userInterfaceStyle: Install expo-system-ui in your project to enable this feature.
[PREBUILD] - Running prebuild
[PREBUILD] âœ” Finished prebuild
[PREBUILD] We detected that 'apps/mobile' is a npm workspace
[PREBUILD] Running "npm install" in /var/folders/33/xjdj0lnj18l9k1zh14jmvrd00000gn/T/eas-build-local-nodejs/0859102e-2581-40dd-b9be-840bb12faf7a/build directory
[PREBUILD] up to date, audited 1046 packages in 1s
[PREBUILD] 97 packages are looking for funding
[PREBUILD]   run `npm fund` for details
[PREBUILD] 5 vulnerabilities (4 moderate, 1 critical)
[PREBUILD] 
[PREBUILD] To address all issues (including breaking changes), run:
[PREBUILD]   npm audit fix --force
[PREBUILD] 
[PREBUILD] Run `npm audit` for details.
[PREPARE_CREDENTIALS] Writing secrets to the project's directory
[PREPARE_CREDENTIALS] Injecting signing config into build.gradle
[RUN_GRADLEW] Running 'gradlew :app:assembleDebug' in /var/folders/33/xjdj0lnj18l9k1zh14jmvrd00000gn/T/eas-build-local-nodejs/0859102e-2581-40dd-b9be-840bb12faf7a/build/apps/mobile/android
[RUN_GRADLEW] > Task :gradle-plugin:settings-plugin:checkKotlinGradlePluginConfigurationErrors
[RUN_GRADLEW] > Task :gradle-plugin:shared:checkKotlinGradlePluginConfigurationErrors
[RUN_GRADLEW] > Task :gradle-plugin:shared:processResources NO-SOURCE
[RUN_GRADLEW] > Task :gradle-plugin:settings-plugin:pluginDescriptors
[RUN_GRADLEW] > Task :gradle-plugin:settings-plugin:processResources
[RUN_GRADLEW] > Task :gradle-plugin:shared:compileKotlin
[RUN_GRADLEW] > Task :gradle-plugin:shared:compileJava NO-SOURCE
[RUN_GRADLEW] > Task :gradle-plugin:shared:classes UP-TO-DATE
[RUN_GRADLEW] > Task :gradle-plugin:shared:jar
[RUN_GRADLEW] > Task :gradle-plugin:settings-plugin:compileKotlin
[RUN_GRADLEW] > Task :gradle-plugin:settings-plugin:compileJava NO-SOURCE
[RUN_GRADLEW] > Task :gradle-plugin:settings-plugin:classes
[RUN_GRADLEW] > Task :gradle-plugin:settings-plugin:jar
[RUN_GRADLEW] > Task :gradle-plugin:react-native-gradle-plugin:checkKotlinGradlePluginConfigurationErrors
[RUN_GRADLEW] > Task :expo-dev-launcher-gradle-plugin:checkKotlinGradlePluginConfigurationErrors
[RUN_GRADLEW] > Task :expo-dev-launcher-gradle-plugin:pluginDescriptors
[RUN_GRADLEW] > Task :expo-dev-launcher-gradle-plugin:processResources
[RUN_GRADLEW] > Task :gradle-plugin:react-native-gradle-plugin:pluginDescriptors
[RUN_GRADLEW] > Task :gradle-plugin:react-native-gradle-plugin:processResources
[RUN_GRADLEW] > Task :gradle-plugin:react-native-gradle-plugin:compileKotlin
[RUN_GRADLEW] > Task :gradle-plugin:react-native-gradle-plugin:compileJava NO-SOURCE
[RUN_GRADLEW] > Task :gradle-plugin:react-native-gradle-plugin:classes
[RUN_GRADLEW] > Task :gradle-plugin:react-native-gradle-plugin:jar
[RUN_GRADLEW] > Task :expo-dev-launcher-gradle-plugin:compileKotlin
[RUN_GRADLEW] > Task :expo-dev-launcher-gradle-plugin:compileJava NO-SOURCE
[RUN_GRADLEW] > Task :expo-dev-launcher-gradle-plugin:classes
[RUN_GRADLEW] > Task :expo-dev-launcher-gradle-plugin:jar
[RUN_GRADLEW] > Configure project :app
[RUN_GRADLEW]  â„¹ï¸  [33mApplying gradle plugin[0m '[32mexpo-dev-launcher-gradle-plugin[0m' (expo-dev-launcher@5.0.35)
[RUN_GRADLEW] > Configure project :expo
[RUN_GRADLEW] Using expo modules
[RUN_GRADLEW]   - [32mexpo-asset[0m (11.0.5)
[RUN_GRADLEW]   - [32mexpo-av[0m (15.0.2)
[RUN_GRADLEW]   - [32mexpo-camera[0m (16.0.18)
[RUN_GRADLEW]   - [32mexpo-constants[0m (17.0.8)
[RUN_GRADLEW]   - [32mexpo-dev-client[0m (5.0.20)
[RUN_GRADLEW]   - [32mexpo-dev-launcher[0m (5.0.35)
[RUN_GRADLEW]   - [32mexpo-dev-menu[0m (6.0.25)
[RUN_GRADLEW]   - [32mexpo-file-system[0m (18.0.12)
[RUN_GRADLEW]   - [32mexpo-font[0m (13.0.4)
[RUN_GRADLEW]   - [32mexpo-json-utils[0m (0.14.0)
[RUN_GRADLEW]   - [32mexpo-keep-awake[0m (14.0.3)
[RUN_GRADLEW]   - [32mexpo-linking[0m (7.0.5)
[RUN_GRADLEW]   - [32mexpo-manifests[0m (0.15.8)
[RUN_GRADLEW]   - [32mexpo-modules-core[0m (2.2.3)
[RUN_GRADLEW]   - [32mexpo-speech[0m (13.0.1)
[RUN_GRADLEW] > Configure project :react-native-reanimated
[RUN_GRADLEW] Android gradle plugin: 8.6.0
[RUN_GRADLEW] Gradle: 8.10.2
[RUN_GRADLEW] > Task :app:generateAutolinkingPackageList
[RUN_GRADLEW] > Task :app:generateCodegenSchemaFromJavaScript SKIPPED
[RUN_GRADLEW] > Task :app:generateCodegenArtifactsFromSchema SKIPPED
[RUN_GRADLEW] > Task :app:preBuild
[RUN_GRADLEW] > Task :app:preDebugBuild
[RUN_GRADLEW] > Task :app:mergeDebugNativeDebugMetadata NO-SOURCE
[RUN_GRADLEW] > Task :app:checkKotlinGradlePluginConfigurationErrors
[RUN_GRADLEW] > Task :app:generateDebugBuildConfig
[RUN_GRADLEW] > Task :expo:generateExpoModulesPackageListTask
[RUN_GRADLEW] > Task :expo:preBuild
[RUN_GRADLEW] > Task :expo:preDebugBuild
[RUN_GRADLEW] > Task :expo-asset:preBuild UP-TO-DATE
[RUN_GRADLEW] > Task :expo-asset:preDebugBuild UP-TO-DATE
[RUN_GRADLEW] > Task :expo-av:preBuild UP-TO-DATE
[RUN_GRADLEW] > Task :expo-av:preDebugBuild UP-TO-DATE
[RUN_GRADLEW] > Task :expo-camera:preBuild UP-TO-DATE
[RUN_GRADLEW] > Task :expo-camera:preDebugBuild UP-TO-DATE
[RUN_GRADLEW] > Task :expo:writeDebugAarMetadata
[RUN_GRADLEW] > Task :expo-asset:writeDebugAarMetadata
[RUN_GRADLEW] > Task :expo-camera:writeDebugAarMetadata
[RUN_GRADLEW] > Task :expo-av:writeDebugAarMetadata
[RUN_GRADLEW] > Task :expo-constants:createExpoConfig
[RUN_GRADLEW] > Task :expo-constants:preBuild
[RUN_GRADLEW] > Task :expo-constants:preDebugBuild
[RUN_GRADLEW] > Task :expo-dev-client:preBuild UP-TO-DATE
[RUN_GRADLEW] > Task :expo-dev-client:preDebugBuild UP-TO-DATE
[RUN_GRADLEW] > Task :expo-constants:writeDebugAarMetadata
[RUN_GRADLEW] > Task :expo-dev-launcher:preBuild UP-TO-DATE
[RUN_GRADLEW] > Task :expo-dev-launcher:preDebugBuild
[RUN_GRADLEW] The NODE_ENV environment variable is required but was not specified. Ensure the project is bundled with Expo CLI or NODE_ENV is set.
[RUN_GRADLEW] Proceeding without mode-specific .env
[RUN_GRADLEW] UP-TO-DATE
[RUN_GRADLEW] > Task :expo-dev-client:writeDebugAarMetadata
[RUN_GRADLEW] > Task :expo-dev-menu:preBuild UP-TO-DATE
[RUN_GRADLEW] > Task :expo-dev-menu:preDebugBuild UP-TO-DATE
[RUN_GRADLEW] > Task :expo-dev-launcher:writeDebugAarMetadata
[RUN_GRADLEW] > Task :expo-dev-menu-interface:preBuild UP-TO-DATE
[RUN_GRADLEW] > Task :expo-dev-menu-interface:preDebugBuild UP-TO-DATE
[RUN_GRADLEW] > Task :expo-dev-menu:writeDebugAarMetadata
[RUN_GRADLEW] > Task :expo-file-system:preBuild UP-TO-DATE
[RUN_GRADLEW] > Task :expo-file-system:preDebugBuild UP-TO-DATE
[RUN_GRADLEW] > Task :expo-dev-menu-interface:writeDebugAarMetadata
[RUN_GRADLEW] > Task :expo-font:preBuild UP-TO-DATE
[RUN_GRADLEW] > Task :expo-font:preDebugBuild UP-TO-DATE
[RUN_GRADLEW] > Task :expo-file-system:writeDebugAarMetadata
[RUN_GRADLEW] > Task :expo-json-utils:preBuild UP-TO-DATE
[RUN_GRADLEW] > Task :expo-json-utils:preDebugBuild UP-TO-DATE
[RUN_GRADLEW] > Task :expo-font:writeDebugAarMetadata
[RUN_GRADLEW] > Task :expo-keep-awake:preBuild UP-TO-DATE
[RUN_GRADLEW] > Task :expo-keep-awake:preDebugBuild UP-TO-DATE
[RUN_GRADLEW] > Task :expo-json-utils:writeDebugAarMetadata
[RUN_GRADLEW] > Task :expo-linking:preBuild UP-TO-DATE
[RUN_GRADLEW] > Task :expo-linking:preDebugBuild UP-TO-DATE
[RUN_GRADLEW] > Task :expo-keep-awake:writeDebugAarMetadata
[RUN_GRADLEW] > Task :expo-manifests:preBuild UP-TO-DATE
[RUN_GRADLEW] > Task :expo-manifests:preDebugBuild UP-TO-DATE
[RUN_GRADLEW] > Task :expo-linking:writeDebugAarMetadata
[RUN_GRADLEW] > Task :expo-modules-core:preBuild UP-TO-DATE
[RUN_GRADLEW] > Task :expo-modules-core:preDebugBuild UP-TO-DATE
[RUN_GRADLEW] > Task :expo-manifests:writeDebugAarMetadata
[RUN_GRADLEW] > Task :expo-speech:preBuild UP-TO-DATE
[RUN_GRADLEW] > Task :expo-speech:preDebugBuild UP-TO-DATE
[RUN_GRADLEW] > Task :expo-modules-core:writeDebugAarMetadata
[RUN_GRADLEW] > Task :expo-updates-interface:preBuild UP-TO-DATE
[RUN_GRADLEW] > Task :expo-updates-interface:preDebugBuild UP-TO-DATE
[RUN_GRADLEW] > Task :expo-speech:writeDebugAarMetadata
[RUN_GRADLEW] > Task :react-native-reanimated:assertLatestReactNativeWithNewArchitectureTask SKIPPED
[RUN_GRADLEW] > Task :react-native-reanimated:assertMinimalReactNativeVersionTask SKIPPED
[RUN_GRADLEW] > Task :expo-updates-interface:writeDebugAarMetadata
[RUN_GRADLEW] > Task :react-native-reanimated:prepareReanimatedHeadersForPrefabs
[RUN_GRADLEW] > Task :react-native-reanimated:prepareWorkletsHeadersForPrefabs
[RUN_GRADLEW] > Task :react-native-reanimated:preBuild
[RUN_GRADLEW] > Task :react-native-reanimated:preDebugBuild
[RUN_GRADLEW] > Task :react-native-reanimated:writeDebugAarMetadata
[RUN_GRADLEW] > Task :react-native-safe-area-context:preBuild UP-TO-DATE
[RUN_GRADLEW] > Task :react-native-safe-area-context:preDebugBuild UP-TO-DATE
[RUN_GRADLEW] > Task :react-native-screens:preBuild UP-TO-DATE
[RUN_GRADLEW] > Task :react-native-screens:preDebugBuild UP-TO-DATE
[RUN_GRADLEW] > Task :react-native-safe-area-context:writeDebugAarMetadata
[RUN_GRADLEW] > Task :react-native-voice_voice:preBuild UP-TO-DATE
[RUN_GRADLEW] > Task :react-native-voice_voice:preDebugBuild UP-TO-DATE
[RUN_GRADLEW] > Task :react-native-screens:writeDebugAarMetadata
[RUN_GRADLEW] > Task :react-native-voice_voice:writeDebugAarMetadata
[RUN_GRADLEW] > Task :app:generateDebugResValues
[RUN_GRADLEW] > Task :expo:generateDebugResValues
[RUN_GRADLEW] > Task :expo:generateDebugResources
[RUN_GRADLEW] > Task :expo:packageDebugResources
[RUN_GRADLEW] > Task :expo-asset:generateDebugResValues
[RUN_GRADLEW] > Task :expo-asset:generateDebugResources
[RUN_GRADLEW] > Task :app:checkDebugAarMetadata
[RUN_GRADLEW] > Task :expo-asset:packageDebugResources
[RUN_GRADLEW] > Task :expo-av:generateDebugResValues
[RUN_GRADLEW] > Task :expo-av:generateDebugResources
[RUN_GRADLEW] > Task :expo-av:packageDebugResources
[RUN_GRADLEW] > Task :expo-camera:generateDebugResValues
[RUN_GRADLEW] > Task :expo-camera:generateDebugResources
[RUN_GRADLEW] > Task :expo-camera:packageDebugResources
[RUN_GRADLEW] > Task :expo-constants:generateDebugResValues
[RUN_GRADLEW] > Task :expo-constants:generateDebugResources
[RUN_GRADLEW] > Task :expo-constants:packageDebugResources
[RUN_GRADLEW] > Task :expo-dev-client:generateDebugResValues
[RUN_GRADLEW] > Task :expo-dev-client:generateDebugResources
[RUN_GRADLEW] > Task :expo-dev-client:packageDebugResources
[RUN_GRADLEW] > Task :expo-dev-launcher:generateDebugResValues
[RUN_GRADLEW] > Task :expo-dev-launcher:generateDebugResources
[RUN_GRADLEW] > Task :expo-dev-launcher:packageDebugResources
[RUN_GRADLEW] > Task :expo-dev-menu:generateDebugResValues
[RUN_GRADLEW] > Task :expo-dev-menu:generateDebugResources
[RUN_GRADLEW] > Task :expo-dev-menu:packageDebugResources
[RUN_GRADLEW] > Task :expo-dev-menu-interface:generateDebugResValues
[RUN_GRADLEW] > Task :expo-dev-menu-interface:generateDebugResources
[RUN_GRADLEW] > Task :expo-dev-menu-interface:packageDebugResources
[RUN_GRADLEW] > Task :expo-file-system:generateDebugResValues
[RUN_GRADLEW] > Task :expo-file-system:generateDebugResources
[RUN_GRADLEW] > Task :expo-file-system:packageDebugResources
[RUN_GRADLEW] > Task :expo-font:generateDebugResValues
[RUN_GRADLEW] > Task :expo-font:generateDebugResources
[RUN_GRADLEW] > Task :expo-font:packageDebugResources
[RUN_GRADLEW] > Task :expo-json-utils:generateDebugResValues
[RUN_GRADLEW] > Task :expo-json-utils:generateDebugResources
[RUN_GRADLEW] > Task :expo-json-utils:packageDebugResources
[RUN_GRADLEW] > Task :expo-keep-awake:generateDebugResValues
[RUN_GRADLEW] > Task :expo-keep-awake:generateDebugResources
[RUN_GRADLEW] > Task :expo-keep-awake:packageDebugResources
[RUN_GRADLEW] > Task :expo-linking:generateDebugResValues
[RUN_GRADLEW] > Task :expo-linking:generateDebugResources
[RUN_GRADLEW] > Task :expo-linking:packageDebugResources
[RUN_GRADLEW] > Task :expo-manifests:generateDebugResValues
[RUN_GRADLEW] > Task :expo-manifests:generateDebugResources
[RUN_GRADLEW] > Task :expo-manifests:packageDebugResources
[RUN_GRADLEW] > Task :expo-modules-core:generateDebugResValues
[RUN_GRADLEW] > Task :expo-modules-core:generateDebugResources
[RUN_GRADLEW] > Task :expo-modules-core:packageDebugResources
[RUN_GRADLEW] > Task :expo-speech:generateDebugResValues
[RUN_GRADLEW] > Task :expo-speech:generateDebugResources
[RUN_GRADLEW] > Task :expo-speech:packageDebugResources
[RUN_GRADLEW] > Task :expo-updates-interface:generateDebugResValues
[RUN_GRADLEW] > Task :expo-updates-interface:generateDebugResources
[RUN_GRADLEW] > Task :expo-updates-interface:packageDebugResources
[RUN_GRADLEW] > Task :react-native-reanimated:generateDebugResValues
[RUN_GRADLEW] > Task :react-native-reanimated:generateDebugResources
[RUN_GRADLEW] > Task :react-native-reanimated:packageDebugResources
[RUN_GRADLEW] > Task :react-native-safe-area-context:generateDebugResValues
[RUN_GRADLEW] > Task :react-native-safe-area-context:generateDebugResources
[RUN_GRADLEW] > Task :react-native-safe-area-context:packageDebugResources
[RUN_GRADLEW] > Task :react-native-screens:generateDebugResValues
[RUN_GRADLEW] > Task :react-native-screens:generateDebugResources
[RUN_GRADLEW] > Task :react-native-screens:packageDebugResources
[RUN_GRADLEW] > Task :react-native-voice_voice:generateDebugResValues
[RUN_GRADLEW] > Task :react-native-voice_voice:generateDebugResources
[RUN_GRADLEW] > Task :react-native-voice_voice:packageDebugResources
[RUN_GRADLEW] > Task :app:mapDebugSourceSetPaths
[RUN_GRADLEW] > Task :app:generateDebugResources
[RUN_GRADLEW] The Daemon will expire after the build after running out of JVM Metaspace.
[RUN_GRADLEW] The project memory settings are likely not configured or are configured to an insufficient value.
[RUN_GRADLEW] The daemon will restart for the next build, which may increase subsequent build times.
[RUN_GRADLEW] These settings can be adjusted by setting 'org.gradle.jvmargs' in 'gradle.properties'.
[RUN_GRADLEW] The currently configured max heap space is '2 GiB' and the configured max metaspace is '512 MiB'.
[RUN_GRADLEW] For more information on how to set these values, please refer to https://docs.gradle.org/8.10.2/userguide/build_environment.html#sec:configuring_jvm_memory in the Gradle documentation.
[RUN_GRADLEW] To disable this warning, set 'org.gradle.daemon.performance.disable-logging=true'.
[RUN_GRADLEW] Daemon will be stopped at the end of the build after running out of JVM Metaspace
[RUN_GRADLEW] > Task :app:packageDebugResources
[RUN_GRADLEW] > Task :app:createDebugCompatibleScreenManifests
[RUN_GRADLEW] > Task :app:extractDeepLinksDebug
[RUN_GRADLEW] > Task :expo:extractDeepLinksDebug
[RUN_GRADLEW] > Task :expo-asset:extractDeepLinksDebug
[RUN_GRADLEW] > Task :expo-av:extractDeepLinksDebug
[RUN_GRADLEW] > Task :expo-camera:extractDeepLinksDebug
[RUN_GRADLEW] > Task :expo-constants:extractDeepLinksDebug
[RUN_GRADLEW] > Task :expo-dev-client:extractDeepLinksDebug
[RUN_GRADLEW] > Task :app:parseDebugLocalResources
[RUN_GRADLEW] > Task :expo-dev-launcher:extractDeepLinksDebug
[RUN_GRADLEW] > Task :expo:processDebugManifest
[RUN_GRADLEW] > Task :expo-constants:processDebugManifest
[RUN_GRADLEW] > Task :expo-camera:processDebugManifest
[RUN_GRADLEW] > Task :expo-asset:processDebugManifest
[RUN_GRADLEW] > Task :expo-av:processDebugManifest
[RUN_GRADLEW] > Task :expo-dev-client:processDebugManifest
[RUN_GRADLEW] > Task :expo-dev-menu:extractDeepLinksDebug
[RUN_GRADLEW] > Task :expo-dev-launcher:processDebugManifest
[RUN_GRADLEW] > Task :expo-dev-menu-interface:extractDeepLinksDebug
[RUN_GRADLEW] > Task :expo-dev-menu:processDebugManifest
[RUN_GRADLEW] > Task :expo-file-system:extractDeepLinksDebug
[RUN_GRADLEW] > Task :expo-dev-menu-interface:processDebugManifest
[RUN_GRADLEW] > Task :expo-font:extractDeepLinksDebug
[RUN_GRADLEW] > Task :expo-json-utils:extractDeepLinksDebug
[RUN_GRADLEW] > Task :expo-font:processDebugManifest
[RUN_GRADLEW] > Task :expo-file-system:processDebugManifest
[RUN_GRADLEW] /private/var/folders/33/xjdj0lnj18l9k1zh14jmvrd00000gn/T/eas-build-local-nodejs/0859102e-2581-40dd-b9be-840bb12faf7a/build/node_modules/expo-file-system/android/src/main/AndroidManifest.xml:6:9-8:20 Warning:
[RUN_GRADLEW] 	provider#expo.modules.filesystem.FileSystemFileProvider@android:authorities was tagged at AndroidManifest.xml:6 to replace other declarations but no other declaration present
[RUN_GRADLEW] > Task :expo-keep-awake:extractDeepLinksDebug
[RUN_GRADLEW] > Task :expo-json-utils:processDebugManifest
[RUN_GRADLEW] > Task :expo-linking:extractDeepLinksDebug
[RUN_GRADLEW] > Task :expo-keep-awake:processDebugManifest
[RUN_GRADLEW] > Task :expo-manifests:extractDeepLinksDebug
[RUN_GRADLEW] > Task :expo-linking:processDebugManifest
[RUN_GRADLEW] > Task :expo-modules-core:extractDeepLinksDebug
[RUN_GRADLEW] > Task :expo-manifests:processDebugManifest
[RUN_GRADLEW] > Task :expo-speech:extractDeepLinksDebug
[RUN_GRADLEW] > Task :expo-modules-core:processDebugManifest
[RUN_GRADLEW] /private/var/folders/33/xjdj0lnj18l9k1zh14jmvrd00000gn/T/eas-build-local-nodejs/0859102e-2581-40dd-b9be-840bb12faf7a/build/node_modules/expo-modules-core/android/src/main/AndroidManifest.xml:8:9-11:45 Warning:
[RUN_GRADLEW] meta-data#com.facebook.soloader.enabled@android:value was tagged at AndroidManifest.xml:8 to replace other declarations but no other declaration present
[RUN_GRADLEW] > Task :expo-updates-interface:extractDeepLinksDebug
[RUN_GRADLEW] > Task :expo-speech:processDebugManifest
[RUN_GRADLEW] > Task :react-native-reanimated:extractDeepLinksDebug
[RUN_GRADLEW] > Task :expo-updates-interface:processDebugManifest
[RUN_GRADLEW] > Task :react-native-safe-area-context:extractDeepLinksDebug
[RUN_GRADLEW] > Task :react-native-reanimated:processDebugManifest
[RUN_GRADLEW] > Task :react-native-screens:extractDeepLinksDebug
[RUN_GRADLEW] > Task :react-native-safe-area-context:processDebugManifest
[RUN_GRADLEW] package="com.th3rdwave.safeareacontext" found in source AndroidManifest.xml: /private/var/folders/33/xjdj0lnj18l9k1zh14jmvrd00000gn/T/eas-build-local-nodejs/0859102e-2581-40dd-b9be-840bb12faf7a/build/node_modules/react-native-safe-area-context/android/src/main/AndroidManifest.xml.
[RUN_GRADLEW] Setting the namespace via the package attribute in the source AndroidManifest.xml is no longer supported, and the value is ignored.
[RUN_GRADLEW] Recommendation: remove package="com.th3rdwave.safeareacontext" from the source AndroidManifest.xml: /private/var/folders/33/xjdj0lnj18l9k1zh14jmvrd00000gn/T/eas-build-local-nodejs/0859102e-2581-40dd-b9be-840bb12faf7a/build/node_modules/react-native-safe-area-context/android/src/main/AndroidManifest.xml.
[RUN_GRADLEW] > Task :react-native-voice_voice:extractDeepLinksDebug
[RUN_GRADLEW] > Task :react-native-screens:processDebugManifest
[RUN_GRADLEW] package="com.swmansion.rnscreens" found in source AndroidManifest.xml: /private/var/folders/33/xjdj0lnj18l9k1zh14jmvrd00000gn/T/eas-build-local-nodejs/0859102e-2581-40dd-b9be-840bb12faf7a/build/node_modules/react-native-screens/android/src/main/AndroidManifest.xml.
[RUN_GRADLEW] Setting the namespace via the package attribute in the source AndroidManifest.xml is no longer supported, and the value is ignored.
[RUN_GRADLEW] Recommendation: remove package="com.swmansion.rnscreens" from the source AndroidManifest.xml: /private/var/folders/33/xjdj0lnj18l9k1zh14jmvrd00000gn/T/eas-build-local-nodejs/0859102e-2581-40dd-b9be-840bb12faf7a/build/node_modules/react-native-screens/android/src/main/AndroidManifest.xml.
[RUN_GRADLEW] > Task :react-native-voice_voice:processDebugManifest
[RUN_GRADLEW] package="com.wenkesj.voice" found in source AndroidManifest.xml: /private/var/folders/33/xjdj0lnj18l9k1zh14jmvrd00000gn/T/eas-build-local-nodejs/0859102e-2581-40dd-b9be-840bb12faf7a/build/node_modules/@react-native-voice/voice/android/src/main/AndroidManifest.xml.
[RUN_GRADLEW] Setting the namespace via the package attribute in the source AndroidManifest.xml is no longer supported, and the value is ignored.
[RUN_GRADLEW] Recommendation: remove package="com.wenkesj.voice" from the source AndroidManifest.xml: /private/var/folders/33/xjdj0lnj18l9k1zh14jmvrd00000gn/T/eas-build-local-nodejs/0859102e-2581-40dd-b9be-840bb12faf7a/build/node_modules/@react-native-voice/voice/android/src/main/AndroidManifest.xml.
[RUN_GRADLEW] > Task :expo:compileDebugLibraryResources
[RUN_GRADLEW] > Task :app:mergeDebugResources
[RUN_GRADLEW] > Task :app:processDebugMainManifest
[RUN_GRADLEW] [com.android.support:animated-vector-drawable:28.0.0] /Users/ppai/.gradle/caches/8.10.2/transforms/ed7d39d8e0aceb01c08b7bdd080b1661/transformed/animated-vector-drawable-28.0.0/AndroidManifest.xml Warning:
[RUN_GRADLEW] 	Namespace 'android.support.graphics.drawable' is used in multiple modules and/or libraries: com.android.support:animated-vector-drawable:28.0.0, com.android.support:support-vector-drawable:28.0.0. Please ensure that all modules and libraries have a unique namespace. For more information, See https://developer.android.com/studio/build/configure-app-module#set-namespace
[RUN_GRADLEW] [androidx.versionedparcelable:versionedparcelable:1.1.1] /Users/ppai/.gradle/caches/8.10.2/transforms/01c68b7f99bce65bd3d6563c2b710b81/transformed/versionedparcelable-1.1.1/AndroidManifest.xml Warning:
[RUN_GRADLEW] 	Namespace 'androidx.versionedparcelable' is used in multiple modules and/or libraries: androidx.versionedparcelable:versionedparcelable:1.1.1, com.android.support:versionedparcelable:28.0.0. Please ensure that all modules and libraries have a unique namespace. For more information, See https://developer.android.com/studio/build/configure-app-module#set-namespace
[RUN_GRADLEW] /private/var/folders/33/xjdj0lnj18l9k1zh14jmvrd00000gn/T/eas-build-local-nodejs/0859102e-2581-40dd-b9be-840bb12faf7a/build/apps/mobile/android/app/src/debug/AndroidManifest.xml:6:5-162 Warning:
[RUN_GRADLEW] 	application@android:usesCleartextTraffic was tagged at AndroidManifest.xml:6 to replace other declarations but no other declaration present
[RUN_GRADLEW] /private/var/folders/33/xjdj0lnj18l9k1zh14jmvrd00000gn/T/eas-build-local-nodejs/0859102e-2581-40dd-b9be-840bb12faf7a/build/apps/mobile/android/app/src/debug/AndroidManifest.xml Warning:
[RUN_GRADLEW] 	provider#expo.modules.filesystem.FileSystemFileProvider@android:authorities was tagged at AndroidManifest.xml:0 to replace other declarations but no other declaration present
[RUN_GRADLEW] > Task :app:processDebugManifest
[RUN_GRADLEW] > Task :expo-asset:compileDebugLibraryResources
[RUN_GRADLEW] > Task :expo:parseDebugLocalResources
[RUN_GRADLEW] > Task :app:processDebugManifestForPackage
[RUN_GRADLEW] > Task :expo-asset:parseDebugLocalResources
[RUN_GRADLEW] > Task :expo-camera:compileDebugLibraryResources
[RUN_GRADLEW] > Task :expo-av:compileDebugLibraryResources
[RUN_GRADLEW] > Task :expo-av:parseDebugLocalResources
[RUN_GRADLEW] > Task :expo-constants:compileDebugLibraryResources
[RUN_GRADLEW] > Task :expo-camera:parseDebugLocalResources
[RUN_GRADLEW] > Task :expo-dev-client:compileDebugLibraryResources
[RUN_GRADLEW] > Task :expo-constants:parseDebugLocalResources
[RUN_GRADLEW] > Task :expo-dev-client:parseDebugLocalResources
[RUN_GRADLEW] > Task :expo-asset:generateDebugRFile
[RUN_GRADLEW] > Task :expo-constants:generateDebugRFile
[RUN_GRADLEW] > Task :expo-av:generateDebugRFile
[RUN_GRADLEW] > Task :expo-camera:generateDebugRFile
[RUN_GRADLEW] > Task :expo-dev-client:generateDebugRFile
[RUN_GRADLEW] > Task :expo:generateDebugRFile
[RUN_GRADLEW] > Task :expo-dev-launcher:parseDebugLocalResources
[RUN_GRADLEW] > Task :expo-dev-menu-interface:compileDebugLibraryResources
[RUN_GRADLEW] > Task :expo-dev-launcher:generateDebugRFile
[RUN_GRADLEW] > Task :expo-file-system:compileDebugLibraryResources
[RUN_GRADLEW] > Task :expo-font:compileDebugLibraryResources
[RUN_GRADLEW] > Task :expo-file-system:parseDebugLocalResources
[RUN_GRADLEW] > Task :expo-json-utils:compileDebugLibraryResources
[RUN_GRADLEW] > Task :expo-font:parseDebugLocalResources
[RUN_GRADLEW] > Task :expo-keep-awake:compileDebugLibraryResources
[RUN_GRADLEW] > Task :expo-json-utils:parseDebugLocalResources
[RUN_GRADLEW] > Task :expo-font:generateDebugRFile
[RUN_GRADLEW] > Task :expo-file-system:generateDebugRFile
[RUN_GRADLEW] > Task :expo-keep-awake:parseDebugLocalResources
[RUN_GRADLEW] > Task :expo-dev-launcher:compileDebugLibraryResources
[RUN_GRADLEW] > Task :expo-dev-menu:parseDebugLocalResources
[RUN_GRADLEW] > Task :expo-dev-menu-interface:parseDebugLocalResources
[RUN_GRADLEW] > Task :expo-dev-menu:compileDebugLibraryResources
[RUN_GRADLEW] > Task :expo-json-utils:generateDebugRFile
[RUN_GRADLEW] > Task :expo-dev-menu:generateDebugRFile
[RUN_GRADLEW] > Task :expo-dev-menu-interface:generateDebugRFile
[RUN_GRADLEW] > Task :expo-keep-awake:generateDebugRFile
[RUN_GRADLEW] > Task :expo-linking:compileDebugLibraryResources
[RUN_GRADLEW] > Task :expo-manifests:compileDebugLibraryResources
[RUN_GRADLEW] > Task :expo-linking:parseDebugLocalResources
[RUN_GRADLEW] > Task :expo-manifests:parseDebugLocalResources
[RUN_GRADLEW] > Task :expo-modules-core:compileDebugLibraryResources
[RUN_GRADLEW] > Task :expo-linking:generateDebugRFile
[RUN_GRADLEW] > Task :expo-manifests:generateDebugRFile
[RUN_GRADLEW] > Task :expo-modules-core:parseDebugLocalResources
[RUN_GRADLEW] > Task :expo-speech:compileDebugLibraryResources
[RUN_GRADLEW] > Task :expo-updates-interface:compileDebugLibraryResources
[RUN_GRADLEW] > Task :expo-modules-core:generateDebugRFile
[RUN_GRADLEW] > Task :expo-speech:parseDebugLocalResources
[RUN_GRADLEW] > Task :expo-updates-interface:parseDebugLocalResources
[RUN_GRADLEW] > Task :react-native-reanimated:compileDebugLibraryResources
[RUN_GRADLEW] > Task :expo-speech:generateDebugRFile
[RUN_GRADLEW] > Task :react-native-safe-area-context:compileDebugLibraryResources
[RUN_GRADLEW] > Task :react-native-reanimated:parseDebugLocalResources
[RUN_GRADLEW] > Task :expo-updates-interface:generateDebugRFile
[RUN_GRADLEW] > Task :react-native-safe-area-context:parseDebugLocalResources
[RUN_GRADLEW] > Task :react-native-reanimated:generateDebugRFile
[RUN_GRADLEW] > Task :expo:checkKotlinGradlePluginConfigurationErrors
[RUN_GRADLEW] > Task :expo:generateDebugBuildConfig
[RUN_GRADLEW] > Task :expo-asset:checkKotlinGradlePluginConfigurationErrors
[RUN_GRADLEW] > Task :react-native-voice_voice:compileDebugLibraryResources
[RUN_GRADLEW] > Task :react-native-safe-area-context:generateDebugRFile
[RUN_GRADLEW] > Task :expo-asset:generateDebugBuildConfig
[RUN_GRADLEW] > Task :expo-modules-core:checkKotlinGradlePluginConfigurationErrors
[RUN_GRADLEW] > Task :react-native-voice_voice:parseDebugLocalResources
[RUN_GRADLEW] > Task :react-native-screens:parseDebugLocalResources
[RUN_GRADLEW] > Task :react-native-screens:compileDebugLibraryResources
[RUN_GRADLEW] > Task :expo-modules-core:generateDebugBuildConfig
[RUN_GRADLEW] > Task :react-native-screens:generateDebugRFile
[RUN_GRADLEW] > Task :react-native-voice_voice:generateDebugRFile
[RUN_GRADLEW] > Task :expo-av:checkKotlinGradlePluginConfigurationErrors
[RUN_GRADLEW] > Task :expo-asset:javaPreCompileDebug
[RUN_GRADLEW] > Task :expo-modules-core:javaPreCompileDebug
[RUN_GRADLEW] > Task :expo-av:generateDebugBuildConfig
[RUN_GRADLEW] > Task :expo-camera:checkKotlinGradlePluginConfigurationErrors
[RUN_GRADLEW] > Task :expo-av:javaPreCompileDebug
[RUN_GRADLEW] > Task :expo-camera:generateDebugBuildConfig
[RUN_GRADLEW] > Task :expo-constants:checkKotlinGradlePluginConfigurationErrors
[RUN_GRADLEW] > Task :expo-camera:javaPreCompileDebug
[RUN_GRADLEW] > Task :expo-constants:generateDebugBuildConfig
[RUN_GRADLEW] > Task :expo-dev-client:checkKotlinGradlePluginConfigurationErrors
[RUN_GRADLEW] > Task :expo-constants:javaPreCompileDebug
[RUN_GRADLEW] > Task :expo-dev-client:dataBindingMergeDependencyArtifactsDebug
[RUN_GRADLEW] > Task :expo-dev-client:generateDebugBuildConfig
[RUN_GRADLEW] > Task :expo-dev-client:dataBindingGenBaseClassesDebug
[RUN_GRADLEW] > Task :expo-dev-launcher:checkKotlinGradlePluginConfigurationErrors
[RUN_GRADLEW] > Task :expo-dev-client:javaPreCompileDebug
[RUN_GRADLEW] > Task :app:processDebugResources
[RUN_GRADLEW] > Task :expo-dev-launcher:dataBindingMergeDependencyArtifactsDebug
[RUN_GRADLEW] > Task :expo-dev-launcher:generateDebugBuildConfig
[RUN_GRADLEW] > Task :expo-dev-launcher:dataBindingGenBaseClassesDebug
[RUN_GRADLEW] > Task :expo-dev-menu:checkKotlinGradlePluginConfigurationErrors
[RUN_GRADLEW] > Task :expo-dev-menu:generateDebugBuildConfig
[RUN_GRADLEW] > Task :expo-dev-menu-interface:checkKotlinGradlePluginConfigurationErrors
[RUN_GRADLEW] > Task :expo-dev-menu-interface:generateDebugBuildConfig
[RUN_GRADLEW] > Task :expo-json-utils:checkKotlinGradlePluginConfigurationErrors
[RUN_GRADLEW] > Task :expo-dev-menu-interface:javaPreCompileDebug
[RUN_GRADLEW] > Task :expo-json-utils:generateDebugBuildConfig
[RUN_GRADLEW] > Task :expo-manifests:checkKotlinGradlePluginConfigurationErrors
[RUN_GRADLEW] > Task :expo-json-utils:javaPreCompileDebug
[RUN_GRADLEW] > Task :expo-manifests:generateDebugBuildConfig
[RUN_GRADLEW] > Task :expo-manifests:javaPreCompileDebug
[RUN_GRADLEW] > Task :expo-updates-interface:checkKotlinGradlePluginConfigurationErrors
[RUN_GRADLEW] > Task :expo-dev-menu:javaPreCompileDebug
[RUN_GRADLEW] > Task :expo-updates-interface:generateDebugBuildConfig
[RUN_GRADLEW] > Task :expo-updates-interface:javaPreCompileDebug
[RUN_GRADLEW] > Task :expo-file-system:checkKotlinGradlePluginConfigurationErrors
[RUN_GRADLEW] > Task :expo-dev-launcher:javaPreCompileDebug
[RUN_GRADLEW] > Task :expo-file-system:generateDebugBuildConfig
[RUN_GRADLEW] > Task :expo-font:checkKotlinGradlePluginConfigurationErrors
[RUN_GRADLEW] > Task :expo-file-system:javaPreCompileDebug
[RUN_GRADLEW] > Task :expo-font:generateDebugBuildConfig
[RUN_GRADLEW] > Task :expo-keep-awake:checkKotlinGradlePluginConfigurationErrors
[RUN_GRADLEW] > Task :expo-font:javaPreCompileDebug
[RUN_GRADLEW] > Task :expo-keep-awake:generateDebugBuildConfig
[RUN_GRADLEW] > Task :expo-linking:checkKotlinGradlePluginConfigurationErrors
[RUN_GRADLEW] > Task :expo-keep-awake:javaPreCompileDebug
[RUN_GRADLEW] > Task :expo-linking:generateDebugBuildConfig
[RUN_GRADLEW] > Task :expo-speech:checkKotlinGradlePluginConfigurationErrors
[RUN_GRADLEW] > Task :expo-linking:javaPreCompileDebug
[RUN_GRADLEW] > Task :expo-speech:generateDebugBuildConfig
[RUN_GRADLEW] > Task :expo-speech:javaPreCompileDebug
[RUN_GRADLEW] > Task :expo:javaPreCompileDebug
[RUN_GRADLEW] > Task :react-native-reanimated:generateDebugBuildConfig
[RUN_GRADLEW] > Task :react-native-reanimated:javaPreCompileDebug
[RUN_GRADLEW] > Task :react-native-reanimated:packageNdkLibs NO-SOURCE
[RUN_GRADLEW] > Task :react-native-reanimated:compileDebugJavaWithJavac
[RUN_GRADLEW] Note: Some input files use or override a deprecated API.
[RUN_GRADLEW] Note: Recompile with -Xlint:deprecation for details.
[RUN_GRADLEW] Note: Some input files use unchecked or unsafe operations.
[RUN_GRADLEW] Note: Recompile with -Xlint:unchecked for details.
[RUN_GRADLEW] > Task :react-native-safe-area-context:checkKotlinGradlePluginConfigurationErrors
[RUN_GRADLEW] > Task :react-native-safe-area-context:generateDebugBuildConfig
[RUN_GRADLEW] > Task :react-native-reanimated:bundleLibCompileToJarDebug
[RUN_GRADLEW] > Task :react-native-screens:checkKotlinGradlePluginConfigurationErrors
[RUN_GRADLEW] > Task :react-native-safe-area-context:javaPreCompileDebug
[RUN_GRADLEW] > Task :react-native-screens:generateDebugBuildConfig
[RUN_GRADLEW] > Task :react-native-screens:javaPreCompileDebug
[RUN_GRADLEW] > Task :react-native-voice_voice:generateDebugBuildConfig
[RUN_GRADLEW] > Task :react-native-voice_voice:javaPreCompileDebug
[RUN_GRADLEW] > Task :app:javaPreCompileDebug
[RUN_GRADLEW] > Task :react-native-voice_voice:compileDebugJavaWithJavac
[RUN_GRADLEW] > Task :react-native-voice_voice:bundleLibCompileToJarDebug
[RUN_GRADLEW] > Task :app:mergeDebugShaders
[RUN_GRADLEW] > Task :app:compileDebugShaders NO-SOURCE
[RUN_GRADLEW] > Task :app:generateDebugAssets UP-TO-DATE
[RUN_GRADLEW] > Task :expo:mergeDebugShaders
[RUN_GRADLEW] > Task :expo:compileDebugShaders NO-SOURCE
[RUN_GRADLEW] > Task :expo:generateDebugAssets UP-TO-DATE
[RUN_GRADLEW] > Task :expo:packageDebugAssets
[RUN_GRADLEW] > Task :expo-asset:mergeDebugShaders
[RUN_GRADLEW] > Task :expo-asset:compileDebugShaders NO-SOURCE
[RUN_GRADLEW] > Task :expo-asset:generateDebugAssets UP-TO-DATE
[RUN_GRADLEW] > Task :expo-asset:packageDebugAssets
[RUN_GRADLEW] > Task :expo-av:mergeDebugShaders
[RUN_GRADLEW] > Task :expo-av:compileDebugShaders NO-SOURCE
[RUN_GRADLEW] > Task :expo-av:generateDebugAssets UP-TO-DATE
[RUN_GRADLEW] > Task :expo-av:packageDebugAssets
[RUN_GRADLEW] > Task :expo-camera:mergeDebugShaders
[RUN_GRADLEW] > Task :expo-camera:compileDebugShaders NO-SOURCE
[RUN_GRADLEW] > Task :expo-camera:generateDebugAssets UP-TO-DATE
[RUN_GRADLEW] > Task :expo-camera:packageDebugAssets
[RUN_GRADLEW] > Task :expo-constants:mergeDebugShaders
[RUN_GRADLEW] > Task :expo-constants:compileDebugShaders NO-SOURCE
[RUN_GRADLEW] > Task :expo-constants:generateDebugAssets UP-TO-DATE
[RUN_GRADLEW] > Task :expo-constants:packageDebugAssets
[RUN_GRADLEW] > Task :expo-dev-client:mergeDebugShaders
[RUN_GRADLEW] > Task :expo-dev-client:compileDebugShaders NO-SOURCE
[RUN_GRADLEW] > Task :expo-dev-client:generateDebugAssets UP-TO-DATE
[RUN_GRADLEW] > Task :expo-dev-client:packageDebugAssets
[RUN_GRADLEW] > Task :expo-dev-launcher:mergeDebugShaders
[RUN_GRADLEW] > Task :expo-dev-launcher:compileDebugShaders NO-SOURCE
[RUN_GRADLEW] > Task :expo-dev-launcher:generateDebugAssets UP-TO-DATE
[RUN_GRADLEW] > Task :expo-dev-launcher:packageDebugAssets
[RUN_GRADLEW] > Task :expo-dev-menu:mergeDebugShaders
[RUN_GRADLEW] > Task :expo-dev-menu:compileDebugShaders NO-SOURCE
[RUN_GRADLEW] > Task :expo-dev-menu:clenupAssets UP-TO-DATE
[RUN_GRADLEW] > Task :expo-dev-menu:copyAssets
[RUN_GRADLEW] > Task :expo-dev-menu:generateDebugAssets UP-TO-DATE
[RUN_GRADLEW] > Task :expo-dev-menu:packageDebugAssets
[RUN_GRADLEW] > Task :expo-dev-menu-interface:mergeDebugShaders
[RUN_GRADLEW] > Task :expo-dev-menu-interface:compileDebugShaders NO-SOURCE
[RUN_GRADLEW] > Task :expo-dev-menu-interface:generateDebugAssets UP-TO-DATE
[RUN_GRADLEW] > Task :expo-dev-menu-interface:packageDebugAssets
[RUN_GRADLEW] > Task :expo-file-system:mergeDebugShaders
[RUN_GRADLEW] > Task :expo-file-system:compileDebugShaders NO-SOURCE
[RUN_GRADLEW] > Task :expo-file-system:generateDebugAssets UP-TO-DATE
[RUN_GRADLEW] > Task :expo-file-system:packageDebugAssets
[RUN_GRADLEW] > Task :expo-font:mergeDebugShaders
[RUN_GRADLEW] > Task :expo-font:compileDebugShaders NO-SOURCE
[RUN_GRADLEW] > Task :expo-font:generateDebugAssets UP-TO-DATE
[RUN_GRADLEW] > Task :expo-font:packageDebugAssets
[RUN_GRADLEW] > Task :expo-json-utils:mergeDebugShaders
[RUN_GRADLEW] > Task :expo-json-utils:compileDebugShaders NO-SOURCE
[RUN_GRADLEW] > Task :expo-json-utils:generateDebugAssets UP-TO-DATE
[RUN_GRADLEW] > Task :expo-json-utils:packageDebugAssets
[RUN_GRADLEW] > Task :expo-keep-awake:mergeDebugShaders
[RUN_GRADLEW] > Task :expo-keep-awake:compileDebugShaders NO-SOURCE
[RUN_GRADLEW] > Task :expo-keep-awake:generateDebugAssets UP-TO-DATE
[RUN_GRADLEW] > Task :expo-keep-awake:packageDebugAssets
[RUN_GRADLEW] > Task :expo-linking:mergeDebugShaders
[RUN_GRADLEW] > Task :expo-linking:compileDebugShaders NO-SOURCE
[RUN_GRADLEW] > Task :expo-linking:generateDebugAssets UP-TO-DATE
[RUN_GRADLEW] > Task :expo-linking:packageDebugAssets
[RUN_GRADLEW] > Task :expo-manifests:mergeDebugShaders
[RUN_GRADLEW] > Task :expo-manifests:compileDebugShaders NO-SOURCE
[RUN_GRADLEW] > Task :expo-manifests:generateDebugAssets UP-TO-DATE
[RUN_GRADLEW] > Task :expo-manifests:packageDebugAssets
[RUN_GRADLEW] > Task :expo-modules-core:mergeDebugShaders
[RUN_GRADLEW] > Task :expo-modules-core:compileDebugShaders NO-SOURCE
[RUN_GRADLEW] > Task :expo-modules-core:generateDebugAssets UP-TO-DATE
[RUN_GRADLEW] > Task :expo-modules-core:packageDebugAssets
[RUN_GRADLEW] > Task :expo-speech:mergeDebugShaders
[RUN_GRADLEW] > Task :expo-speech:compileDebugShaders NO-SOURCE
[RUN_GRADLEW] > Task :expo-speech:generateDebugAssets UP-TO-DATE
[RUN_GRADLEW] > Task :expo-speech:packageDebugAssets
[RUN_GRADLEW] > Task :expo-updates-interface:mergeDebugShaders
[RUN_GRADLEW] > Task :expo-updates-interface:compileDebugShaders NO-SOURCE
[RUN_GRADLEW] > Task :expo-updates-interface:generateDebugAssets UP-TO-DATE
[RUN_GRADLEW] > Task :expo-updates-interface:packageDebugAssets
[RUN_GRADLEW] > Task :react-native-reanimated:mergeDebugShaders
[RUN_GRADLEW] > Task :react-native-reanimated:compileDebugShaders NO-SOURCE
[RUN_GRADLEW] > Task :react-native-reanimated:generateDebugAssets UP-TO-DATE
[RUN_GRADLEW] > Task :react-native-reanimated:packageDebugAssets
[RUN_GRADLEW] > Task :react-native-safe-area-context:mergeDebugShaders
[RUN_GRADLEW] > Task :react-native-safe-area-context:compileDebugShaders NO-SOURCE
[RUN_GRADLEW] > Task :react-native-safe-area-context:generateDebugAssets UP-TO-DATE
[RUN_GRADLEW] > Task :react-native-safe-area-context:packageDebugAssets
[RUN_GRADLEW] > Task :react-native-screens:mergeDebugShaders
[RUN_GRADLEW] > Task :react-native-screens:compileDebugShaders NO-SOURCE
[RUN_GRADLEW] > Task :react-native-screens:generateDebugAssets UP-TO-DATE
[RUN_GRADLEW] > Task :react-native-screens:packageDebugAssets
[RUN_GRADLEW] > Task :react-native-voice_voice:mergeDebugShaders
[RUN_GRADLEW] > Task :react-native-voice_voice:compileDebugShaders NO-SOURCE
[RUN_GRADLEW] > Task :react-native-voice_voice:generateDebugAssets UP-TO-DATE
[RUN_GRADLEW] > Task :react-native-voice_voice:packageDebugAssets
[RUN_GRADLEW] > Task :app:mergeDebugAssets
[RUN_GRADLEW] > Task :app:desugarDebugFileDependencies
[RUN_GRADLEW] > Task :react-native-reanimated:processDebugJavaRes NO-SOURCE
[RUN_GRADLEW] > Task :react-native-voice_voice:processDebugJavaRes NO-SOURCE
[RUN_GRADLEW] > Task :react-native-reanimated:bundleLibRuntimeToJarDebug
[RUN_GRADLEW] > Task :react-native-voice_voice:bundleLibRuntimeToJarDebug
[RUN_GRADLEW] > Task :app:compressDebugAssets
[RUN_GRADLEW] > Task :app:mergeDebugJniLibFolders
[RUN_GRADLEW] > Task :expo:mergeDebugJniLibFolders
[RUN_GRADLEW] > Task :expo:mergeDebugNativeLibs NO-SOURCE
[RUN_GRADLEW] > Task :expo:copyDebugJniLibsProjectOnly
[RUN_GRADLEW] > Task :expo-asset:mergeDebugJniLibFolders
[RUN_GRADLEW] > Task :expo-asset:mergeDebugNativeLibs NO-SOURCE
[RUN_GRADLEW] > Task :expo-asset:copyDebugJniLibsProjectOnly
[RUN_GRADLEW] > Task :app:checkDebugDuplicateClasses FAILED
[RUN_GRADLEW] > Task :react-native-safe-area-context:compileDebugKotlin
[RUN_GRADLEW] w: file:///private/var/folders/33/xjdj0lnj18l9k1zh14jmvrd00000gn/T/eas-build-local-nodejs/0859102e-2581-40dd-b9be-840bb12faf7a/build/node_modules/react-native-safe-area-context/android/src/main/java/com/th3rdwave/safeareacontext/SafeAreaContextPackage.kt:27:11 'constructor ReactModuleInfo(String, String, Boolean, Boolean, Boolean, Boolean, Boolean)' is deprecated. use ReactModuleInfo(String, String, boolean, boolean, boolean, boolean)]
[RUN_GRADLEW] w: file:///private/var/folders/33/xjdj0lnj18l9k1zh14jmvrd00000gn/T/eas-build-local-nodejs/0859102e-2581-40dd-b9be-840bb12faf7a/build/node_modules/react-native-safe-area-context/android/src/main/java/com/th3rdwave/safeareacontext/SafeAreaContextPackage.kt:33:27 'getter for hasConstants: Boolean' is deprecated. This property is unused and it's planning to be removed in a future version of
[RUN_GRADLEW]         React Native. Please refrain from using it.
[RUN_GRADLEW] w: file:///private/var/folders/33/xjdj0lnj18l9k1zh14jmvrd00000gn/T/eas-build-local-nodejs/0859102e-2581-40dd-b9be-840bb12faf7a/build/node_modules/react-native-safe-area-context/android/src/main/java/com/th3rdwave/safeareacontext/SafeAreaView.kt:59:23 'getter for uiImplementation: UIImplementation!' is deprecated. Deprecated in Java
[RUN_GRADLEW] > Task :expo-av:configureCMakeDebug[arm64-v8a]
[RUN_GRADLEW] > Task :react-native-screens:compileDebugKotlin
[RUN_GRADLEW] w: file:///private/var/folders/33/xjdj0lnj18l9k1zh14jmvrd00000gn/T/eas-build-local-nodejs/0859102e-2581-40dd-b9be-840bb12faf7a/build/node_modules/react-native-screens/android/src/main/java/com/swmansion/rnscreens/CustomToolbar.kt:19:53 'FrameCallback' is deprecated. Use Choreographer.FrameCallback instead
[RUN_GRADLEW] w: file:///private/var/folders/33/xjdj0lnj18l9k1zh14jmvrd00000gn/T/eas-build-local-nodejs/0859102e-2581-40dd-b9be-840bb12faf7a/build/node_modules/react-native-screens/android/src/main/java/com/swmansion/rnscreens/CustomToolbar.kt:20:38 'FrameCallback' is deprecated. Use Choreographer.FrameCallback instead
[RUN_GRADLEW] w: file:///private/var/folders/33/xjdj0lnj18l9k1zh14jmvrd00000gn/T/eas-build-local-nodejs/0859102e-2581-40dd-b9be-840bb12faf7a/build/node_modules/react-native-screens/android/src/main/java/com/swmansion/rnscreens/RNScreensPackage.kt:64:17 'constructor ReactModuleInfo(String, String, Boolean, Boolean, Boolean, Boolean, Boolean)' is deprecated. use ReactModuleInfo(String, String, boolean, boolean, boolean, boolean)]
[RUN_GRADLEW] w: file:///private/var/folders/33/xjdj0lnj18l9k1zh14jmvrd00000gn/T/eas-build-local-nodejs/0859102e-2581-40dd-b9be-840bb12faf7a/build/node_modules/react-native-screens/android/src/main/java/com/swmansion/rnscreens/Screen.kt:45:77 Unchecked cast: CoordinatorLayout.Behavior<(raw) View!>? to BottomSheetBehavior<Screen>
[RUN_GRADLEW] w: file:///private/var/folders/33/xjdj0lnj18l9k1zh14jmvrd00000gn/T/eas-build-local-nodejs/0859102e-2581-40dd-b9be-840bb12faf7a/build/node_modules/react-native-screens/android/src/main/java/com/swmansion/rnscreens/ScreenContainer.kt:33:53 'FrameCallback' is deprecated. Use Choreographer.FrameCallback instead
[RUN_GRADLEW] w: file:///private/var/folders/33/xjdj0lnj18l9k1zh14jmvrd00000gn/T/eas-build-local-nodejs/0859102e-2581-40dd-b9be-840bb12faf7a/build/node_modules/react-native-screens/android/src/main/java/com/swmansion/rnscreens/ScreenContainer.kt:34:38 'FrameCallback' is deprecated. Use Choreographer.FrameCallback instead
[RUN_GRADLEW] w: file:///private/var/folders/33/xjdj0lnj18l9k1zh14jmvrd00000gn/T/eas-build-local-nodejs/0859102e-2581-40dd-b9be-840bb12faf7a/build/node_modules/react-native-screens/android/src/main/java/com/swmansion/rnscreens/ScreenFooter.kt:252:9 Parameter 'changed' is never used
[RUN_GRADLEW] w: file:///private/var/folders/33/xjdj0lnj18l9k1zh14jmvrd00000gn/T/eas-build-local-nodejs/0859102e-2581-40dd-b9be-840bb12faf7a/build/node_modules/react-native-screens/android/src/main/java/com/swmansion/rnscreens/ScreenFooter.kt:253:9 Parameter 'left' is never used
[RUN_GRADLEW] w: file:///private/var/folders/33/xjdj0lnj18l9k1zh14jmvrd00000gn/T/eas-build-local-nodejs/0859102e-2581-40dd-b9be-840bb12faf7a/build/node_modules/react-native-screens/android/src/main/java/com/swmansion/rnscreens/ScreenFooter.kt:254:9 Parameter 'top' is never used
[RUN_GRADLEW] w: file:///private/var/folders/33/xjdj0lnj18l9k1zh14jmvrd00000gn/T/eas-build-local-nodejs/0859102e-2581-40dd-b9be-840bb12faf7a/build/node_modules/react-native-screens/android/src/main/java/com/swmansion/rnscreens/ScreenFooter.kt:255:9 Parameter 'right' is never used
[RUN_GRADLEW] w: file:///private/var/folders/33/xjdj0lnj18l9k1zh14jmvrd00000gn/T/eas-build-local-nodejs/0859102e-2581-40dd-b9be-840bb12faf7a/build/node_modules/react-native-screens/android/src/main/java/com/swmansion/rnscreens/ScreenFooter.kt:256:9 Parameter 'bottom' is never used
[RUN_GRADLEW] w: file:///private/var/folders/33/xjdj0lnj18l9k1zh14jmvrd00000gn/T/eas-build-local-nodejs/0859102e-2581-40dd-b9be-840bb12faf7a/build/node_modules/react-native-screens/android/src/main/java/com/swmansion/rnscreens/ScreenStackFragment.kt:257:31 'setter for targetElevation: Float' is deprecated. Deprecated in Java
[RUN_GRADLEW] w: file:///private/var/folders/33/xjdj0lnj18l9k1zh14jmvrd00000gn/T/eas-build-local-nodejs/0859102e-2581-40dd-b9be-840bb12faf7a/build/node_modules/react-native-screens/android/src/main/java/com/swmansion/rnscreens/ScreenStackFragment.kt:260:13 'setHasOptionsMenu(Boolean): Unit' is deprecated. Deprecated in Java
[RUN_GRADLEW] w: file:///private/var/folders/33/xjdj0lnj18l9k1zh14jmvrd00000gn/T/eas-build-local-nodejs/0859102e-2581-40dd-b9be-840bb12faf7a/build/node_modules/react-native-screens/android/src/main/java/com/swmansion/rnscreens/ScreenStackFragment.kt:496:22 'onPrepareOptionsMenu(Menu): Unit' is deprecated. Deprecated in Java
[RUN_GRADLEW] w: file:///private/var/folders/33/xjdj0lnj18l9k1zh14jmvrd00000gn/T/eas-build-local-nodejs/0859102e-2581-40dd-b9be-840bb12faf7a/build/node_modules/react-native-screens/android/src/main/java/com/swmansion/rnscreens/ScreenStackFragment.kt:504:22 'onCreateOptionsMenu(Menu, MenuInflater): Unit' is deprecated. Deprecated in Java
[RUN_GRADLEW] w: file:///private/var/folders/33/xjdj0lnj18l9k1zh14jmvrd00000gn/T/eas-build-local-nodejs/0859102e-2581-40dd-b9be-840bb12faf7a/build/node_modules/react-native-screens/android/src/main/java/com/swmansion/rnscreens/ScreenStackHeaderConfig.kt:100:38 'getter for systemWindowInsetTop: Int' is deprecated. Deprecated in Java
[RUN_GRADLEW] w: file:///private/var/folders/33/xjdj0lnj18l9k1zh14jmvrd00000gn/T/eas-build-local-nodejs/0859102e-2581-40dd-b9be-840bb12faf7a/build/node_modules/react-native-screens/android/src/main/java/com/swmansion/rnscreens/ScreenStackHeaderConfigViewManager.kt:7:34 'MapBuilder' is deprecated. Deprecated in Java
[RUN_GRADLEW] w: file:///private/var/folders/33/xjdj0lnj18l9k1zh14jmvrd00000gn/T/eas-build-local-nodejs/0859102e-2581-40dd-b9be-840bb12faf7a/build/node_modules/react-native-screens/android/src/main/java/com/swmansion/rnscreens/ScreenStackHeaderConfigViewManager.kt:209:9 'MapBuilder' is deprecated. Deprecated in Java
[RUN_GRADLEW] w: file:///private/var/folders/33/xjdj0lnj18l9k1zh14jmvrd00000gn/T/eas-build-local-nodejs/0859102e-2581-40dd-b9be-840bb12faf7a/build/node_modules/react-native-screens/android/src/main/java/com/swmansion/rnscreens/ScreenStackHeaderConfigViewManager.kt:211:13 'MapBuilder' is deprecated. Deprecated in Java
[RUN_GRADLEW] w: file:///private/var/folders/33/xjdj0lnj18l9k1zh14jmvrd00000gn/T/eas-build-local-nodejs/0859102e-2581-40dd-b9be-840bb12faf7a/build/node_modules/react-native-screens/android/src/main/java/com/swmansion/rnscreens/ScreenStackHeaderConfigViewManager.kt:213:13 'MapBuilder' is deprecated. Deprecated in Java
[RUN_GRADLEW] w: file:///private/var/folders/33/xjdj0lnj18l9k1zh14jmvrd00000gn/T/eas-build-local-nodejs/0859102e-2581-40dd-b9be-840bb12faf7a/build/node_modules/react-native-screens/android/src/main/java/com/swmansion/rnscreens/ScreenViewManager.kt:7:34 'MapBuilder' is deprecated. Deprecated in Java
[RUN_GRADLEW] w: file:///private/var/folders/33/xjdj0lnj18l9k1zh14jmvrd00000gn/T/eas-build-local-nodejs/0859102e-2581-40dd-b9be-840bb12faf7a/build/node_modules/react-native-screens/android/src/main/java/com/swmansion/rnscreens/ScreenViewManager.kt:375:48 'MapBuilder' is deprecated. Deprecated in Java
[RUN_GRADLEW] w: file:///private/var/folders/33/xjdj0lnj18l9k1zh14jmvrd00000gn/T/eas-build-local-nodejs/0859102e-2581-40dd-b9be-840bb12faf7a/build/node_modules/react-native-screens/android/src/main/java/com/swmansion/rnscreens/ScreenViewManager.kt:376:49 'MapBuilder' is deprecated. Deprecated in Java
[RUN_GRADLEW] w: file:///private/var/folders/33/xjdj0lnj18l9k1zh14jmvrd00000gn/T/eas-build-local-nodejs/0859102e-2581-40dd-b9be-840bb12faf7a/build/node_modules/react-native-screens/android/src/main/java/com/swmansion/rnscreens/ScreenViewManager.kt:377:45 'MapBuilder' is deprecated. Deprecated in Java
[RUN_GRADLEW] w: file:///private/var/folders/33/xjdj0lnj18l9k1zh14jmvrd00000gn/T/eas-build-local-nodejs/0859102e-2581-40dd-b9be-840bb12faf7a/build/node_modules/react-native-screens/android/src/main/java/com/swmansion/rnscreens/ScreenViewManager.kt:378:52 'MapBuilder' is deprecated. Deprecated in Java
[RUN_GRADLEW] w: file:///private/var/folders/33/xjdj0lnj18l9k1zh14jmvrd00000gn/T/eas-build-local-nodejs/0859102e-2581-40dd-b9be-840bb12faf7a/build/node_modules/react-native-screens/android/src/main/java/com/swmansion/rnscreens/ScreenViewManager.kt:379:48 'MapBuilder' is deprecated. Deprecated in Java
[RUN_GRADLEW] w: file:///private/var/folders/33/xjdj0lnj18l9k1zh14jmvrd00000gn/T/eas-build-local-nodejs/0859102e-2581-40dd-b9be-840bb12faf7a/build/node_modules/react-native-screens/android/src/main/java/com/swmansion/rnscreens/ScreenViewManager.kt:380:51 'MapBuilder' is deprecated. Deprecated in Java
[RUN_GRADLEW] w: file:///private/var/folders/33/xjdj0lnj18l9k1zh14jmvrd00000gn/T/eas-build-local-nodejs/0859102e-2581-40dd-b9be-840bb12faf7a/build/node_modules/react-native-screens/android/src/main/java/com/swmansion/rnscreens/ScreenViewManager.kt:381:56 'MapBuilder' is deprecated. Deprecated in Java
[RUN_GRADLEW] w: file:///private/var/folders/33/xjdj0lnj18l9k1zh14jmvrd00000gn/T/eas-build-local-nodejs/0859102e-2581-40dd-b9be-840bb12faf7a/build/node_modules/react-native-screens/android/src/main/java/com/swmansion/rnscreens/ScreenViewManager.kt:382:57 'MapBuilder' is deprecated. Deprecated in Java
[RUN_GRADLEW] w: file:///private/var/folders/33/xjdj0lnj18l9k1zh14jmvrd00000gn/T/eas-build-local-nodejs/0859102e-2581-40dd-b9be-840bb12faf7a/build/node_modules/react-native-screens/android/src/main/java/com/swmansion/rnscreens/ScreenViewManager.kt:383:51 'MapBuilder' is deprecated. Deprecated in Java
[RUN_GRADLEW] w: file:///private/var/folders/33/xjdj0lnj18l9k1zh14jmvrd00000gn/T/eas-build-local-nodejs/0859102e-2581-40dd-b9be-840bb12faf7a/build/node_modules/react-native-screens/android/src/main/java/com/swmansion/rnscreens/ScreenWindowTraits.kt:55:42 'replaceSystemWindowInsets(Int, Int, Int, Int): WindowInsetsCompat' is deprecated. Deprecated in Java
[RUN_GRADLEW] w: file:///private/var/folders/33/xjdj0lnj18l9k1zh14jmvrd00000gn/T/eas-build-local-nodejs/0859102e-2581-40dd-b9be-840bb12faf7a/build/node_modules/react-native-screens/android/src/main/java/com/swmansion/rnscreens/ScreenWindowTraits.kt:56:39 'getter for systemWindowInsetLeft: Int' is deprecated. Deprecated in Java
[RUN_GRADLEW] w: file:///private/var/folders/33/xjdj0lnj18l9k1zh14jmvrd00000gn/T/eas-build-local-nodejs/0859102e-2581-40dd-b9be-840bb12faf7a/build/node_modules/react-native-screens/android/src/main/java/com/swmansion/rnscreens/ScreenWindowTraits.kt:58:39 'getter for systemWindowInsetRight: Int' is deprecated. Deprecated in Java
[RUN_GRADLEW] w: file:///private/var/folders/33/xjdj0lnj18l9k1zh14jmvrd00000gn/T/eas-build-local-nodejs/0859102e-2581-40dd-b9be-840bb12faf7a/build/node_modules/react-native-screens/android/src/main/java/com/swmansion/rnscreens/ScreenWindowTraits.kt:59:39 'getter for systemWindowInsetBottom: Int' is deprecated. Deprecated in Java
[RUN_GRADLEW] w: file:///private/var/folders/33/xjdj0lnj18l9k1zh14jmvrd00000gn/T/eas-build-local-nodejs/0859102e-2581-40dd-b9be-840bb12faf7a/build/node_modules/react-native-screens/android/src/main/java/com/swmansion/rnscreens/ScreenWindowTraits.kt:98:53 'getter for statusBarColor: Int' is deprecated. Deprecated in Java
[RUN_GRADLEW] w: file:///private/var/folders/33/xjdj0lnj18l9k1zh14jmvrd00000gn/T/eas-build-local-nodejs/0859102e-2581-40dd-b9be-840bb12faf7a/build/node_modules/react-native-screens/android/src/main/java/com/swmansion/rnscreens/ScreenWindowTraits.kt:109:48 'getter for statusBarColor: Int' is deprecated. Deprecated in Java
[RUN_GRADLEW] w: file:///private/var/folders/33/xjdj0lnj18l9k1zh14jmvrd00000gn/T/eas-build-local-nodejs/0859102e-2581-40dd-b9be-840bb12faf7a/build/node_modules/react-native-screens/android/src/main/java/com/swmansion/rnscreens/ScreenWindowTraits.kt:112:32 'setter for statusBarColor: Int' is deprecated. Deprecated in Java
[RUN_GRADLEW] w: file:///private/var/folders/33/xjdj0lnj18l9k1zh14jmvrd00000gn/T/eas-build-local-nodejs/0859102e-2581-40dd-b9be-840bb12faf7a/build/node_modules/react-native-screens/android/src/main/java/com/swmansion/rnscreens/ScreenWindowTraits.kt:208:72 'getter for navigationBarColor: Int' is deprecated. Deprecated in Java
[RUN_GRADLEW] w: file:///private/var/folders/33/xjdj0lnj18l9k1zh14jmvrd00000gn/T/eas-build-local-nodejs/0859102e-2581-40dd-b9be-840bb12faf7a/build/node_modules/react-native-screens/android/src/main/java/com/swmansion/rnscreens/ScreenWindowTraits.kt:214:16 'setter for navigationBarColor: Int' is deprecated. Deprecated in Java
[RUN_GRADLEW] w: file:///private/var/folders/33/xjdj0lnj18l9k1zh14jmvrd00000gn/T/eas-build-local-nodejs/0859102e-2581-40dd-b9be-840bb12faf7a/build/node_modules/react-native-screens/android/src/main/java/com/swmansion/rnscreens/SearchBarManager.kt:5:34 'MapBuilder' is deprecated. Deprecated in Java
[RUN_GRADLEW] w: file:///private/var/folders/33/xjdj0lnj18l9k1zh14jmvrd00000gn/T/eas-build-local-nodejs/0859102e-2581-40dd-b9be-840bb12faf7a/build/node_modules/react-native-screens/android/src/main/java/com/swmansion/rnscreens/SearchBarManager.kt:138:66 Elvis operator (?:) always returns the left operand of non-nullable type Boolean
[RUN_GRADLEW] w: file:///private/var/folders/33/xjdj0lnj18l9k1zh14jmvrd00000gn/T/eas-build-local-nodejs/0859102e-2581-40dd-b9be-840bb12faf7a/build/node_modules/react-native-screens/android/src/main/java/com/swmansion/rnscreens/SearchBarManager.kt:142:9 'MapBuilder' is deprecated. Deprecated in Java
[RUN_GRADLEW] w: file:///private/var/folders/33/xjdj0lnj18l9k1zh14jmvrd00000gn/T/eas-build-local-nodejs/0859102e-2581-40dd-b9be-840bb12faf7a/build/node_modules/react-native-screens/android/src/main/java/com/swmansion/rnscreens/SearchBarManager.kt:144:13 'MapBuilder' is deprecated. Deprecated in Java
[RUN_GRADLEW] w: file:///private/var/folders/33/xjdj0lnj18l9k1zh14jmvrd00000gn/T/eas-build-local-nodejs/0859102e-2581-40dd-b9be-840bb12faf7a/build/node_modules/react-native-screens/android/src/main/java/com/swmansion/rnscreens/SearchBarManager.kt:146:13 'MapBuilder' is deprecated. Deprecated in Java
[RUN_GRADLEW] w: file:///private/var/folders/33/xjdj0lnj18l9k1zh14jmvrd00000gn/T/eas-build-local-nodejs/0859102e-2581-40dd-b9be-840bb12faf7a/build/node_modules/react-native-screens/android/src/main/java/com/swmansion/rnscreens/SearchBarManager.kt:148:13 'MapBuilder' is deprecated. Deprecated in Java
[RUN_GRADLEW] w: file:///private/var/folders/33/xjdj0lnj18l9k1zh14jmvrd00000gn/T/eas-build-local-nodejs/0859102e-2581-40dd-b9be-840bb12faf7a/build/node_modules/react-native-screens/android/src/main/java/com/swmansion/rnscreens/SearchBarManager.kt:150:13 'MapBuilder' is deprecated. Deprecated in Java
[RUN_GRADLEW] w: file:///private/var/folders/33/xjdj0lnj18l9k1zh14jmvrd00000gn/T/eas-build-local-nodejs/0859102e-2581-40dd-b9be-840bb12faf7a/build/node_modules/react-native-screens/android/src/main/java/com/swmansion/rnscreens/SearchBarManager.kt:152:13 'MapBuilder' is deprecated. Deprecated in Java
[RUN_GRADLEW] w: file:///private/var/folders/33/xjdj0lnj18l9k1zh14jmvrd00000gn/T/eas-build-local-nodejs/0859102e-2581-40dd-b9be-840bb12faf7a/build/node_modules/react-native-screens/android/src/main/java/com/swmansion/rnscreens/SearchBarManager.kt:154:13 'MapBuilder' is deprecated. Deprecated in Java
[RUN_GRADLEW] w: file:///private/var/folders/33/xjdj0lnj18l9k1zh14jmvrd00000gn/T/eas-build-local-nodejs/0859102e-2581-40dd-b9be-840bb12faf7a/build/node_modules/react-native-screens/android/src/main/java/com/swmansion/rnscreens/SearchBarView.kt:153:43 Parameter 'flag' is never used
[RUN_GRADLEW] w: file:///private/var/folders/33/xjdj0lnj18l9k1zh14jmvrd00000gn/T/eas-build-local-nodejs/0859102e-2581-40dd-b9be-840bb12faf7a/build/node_modules/react-native-screens/android/src/main/java/com/swmansion/rnscreens/bottomsheet/BottomSheetDialogRootView.kt:7:34 'ReactFeatureFlags' is deprecated. Deprecated in Java
[RUN_GRADLEW] w: file:///private/var/folders/33/xjdj0lnj18l9k1zh14jmvrd00000gn/T/eas-build-local-nodejs/0859102e-2581-40dd-b9be-840bb12faf7a/build/node_modules/react-native-screens/android/src/main/java/com/swmansion/rnscreens/bottomsheet/BottomSheetDialogRootView.kt:25:13 'ReactFeatureFlags' is deprecated. Deprecated in Java
[RUN_GRADLEW] w: file:///private/var/folders/33/xjdj0lnj18l9k1zh14jmvrd00000gn/T/eas-build-local-nodejs/0859102e-2581-40dd-b9be-840bb12faf7a/build/node_modules/react-native-screens/android/src/paper/java/com/swmansion/rnscreens/FabricEnabledHeaderConfigViewGroup.kt:17:25 Parameter 'wrapper' is never used
[RUN_GRADLEW] w: file:///private/var/folders/33/xjdj0lnj18l9k1zh14jmvrd00000gn/T/eas-build-local-nodejs/0859102e-2581-40dd-b9be-840bb12faf7a/build/node_modules/react-native-screens/android/src/paper/java/com/swmansion/rnscreens/FabricEnabledViewGroup.kt:10:25 Parameter 'wrapper' is never used
[RUN_GRADLEW] w: file:///private/var/folders/33/xjdj0lnj18l9k1zh14jmvrd00000gn/T/eas-build-local-nodejs/0859102e-2581-40dd-b9be-840bb12faf7a/build/node_modules/react-native-screens/android/src/paper/java/com/swmansion/rnscreens/FabricEnabledViewGroup.kt:13:9 Parameter 'width' is never used
[RUN_GRADLEW] w: file:///private/var/folders/33/xjdj0lnj18l9k1zh14jmvrd00000gn/T/eas-build-local-nodejs/0859102e-2581-40dd-b9be-840bb12faf7a/build/node_modules/react-native-screens/android/src/paper/java/com/swmansion/rnscreens/FabricEnabledViewGroup.kt:14:9 Parameter 'height' is never used
[RUN_GRADLEW] w: file:///private/var/folders/33/xjdj0lnj18l9k1zh14jmvrd00000gn/T/eas-build-local-nodejs/0859102e-2581-40dd-b9be-840bb12faf7a/build/node_modules/react-native-screens/android/src/paper/java/com/swmansion/rnscreens/FabricEnabledViewGroup.kt:15:9 Parameter 'headerHeight' is never used
[RUN_GRADLEW] w: file:///private/var/folders/33/xjdj0lnj18l9k1zh14jmvrd00000gn/T/eas-build-local-nodejs/0859102e-2581-40dd-b9be-840bb12faf7a/build/node_modules/react-native-screens/android/src/paper/java/com/swmansion/rnscreens/NativeProxy.kt:7:36 Parameter 'fabricUIManager' is never used
[RUN_GRADLEW] w: file:///private/var/folders/33/xjdj0lnj18l9k1zh14jmvrd00000gn/T/eas-build-local-nodejs/0859102e-2581-40dd-b9be-840bb12faf7a/build/node_modules/react-native-screens/android/src/paper/java/com/swmansion/rnscreens/NativeProxy.kt:11:13 Parameter 'tag' is never used
[RUN_GRADLEW] w: file:///private/var/folders/33/xjdj0lnj18l9k1zh14jmvrd00000gn/T/eas-build-local-nodejs/0859102e-2581-40dd-b9be-840bb12faf7a/build/node_modules/react-native-screens/android/src/paper/java/com/swmansion/rnscreens/NativeProxy.kt:12:13 Parameter 'view' is never used
[RUN_GRADLEW] w: file:///private/var/folders/33/xjdj0lnj18l9k1zh14jmvrd00000gn/T/eas-build-local-nodejs/0859102e-2581-40dd-b9be-840bb12faf7a/build/node_modules/react-native-screens/android/src/paper/java/com/swmansion/rnscreens/NativeProxy.kt:15:33 Parameter 'tag' is never used
[RUN_GRADLEW] > Task :expo-modules-core:compileDebugKotlin
[RUN_GRADLEW] FAILURE: Build failed with an exception.
[RUN_GRADLEW] * What went wrong:
[RUN_GRADLEW] Execution failed for task ':app:checkDebugDuplicateClasses'.
[RUN_GRADLEW] > A failure occurred while executing com.android.build.gradle.internal.tasks.CheckDuplicatesRunnable
[RUN_GRADLEW]    > Duplicate class android.support.v4.app.INotificationSideChannel found in modules core-1.13.1.aar -> core-1.13.1-runtime (androidx.core:core:1.13.1) and support-compat-28.0.0.aar -> support-compat-28.0.0-runtime (com.android.support:support-compat:28.0.0)
[RUN_GRADLEW]      Duplicate class android.support.v4.app.INotificationSideChannel$Stub found in modules core-1.13.1.aar -> core-1.13.1-runtime (androidx.core:core:1.13.1) and support-compat-28.0.0.aar -> support-compat-28.0.0-runtime (com.android.support:support-compat:28.0.0)
[RUN_GRADLEW]      Duplicate class android.support.v4.app.INotificationSideChannel$Stub$Proxy found in modules core-1.13.1.aar -> core-1.13.1-runtime (androidx.core:core:1.13.1) and support-compat-28.0.0.aar -> support-compat-28.0.0-runtime (com.android.support:support-compat:28.0.0)
[RUN_GRADLEW]      Duplicate class android.support.v4.graphics.drawable.IconCompatParcelizer found in modules core-1.13.1.aar -> core-1.13.1-runtime (androidx.core:core:1.13.1) and support-compat-28.0.0.aar -> support-compat-28.0.0-runtime (com.android.support:support-compat:28.0.0)
[RUN_GRADLEW]      Duplicate class android.support.v4.os.IResultReceiver found in modules core-1.13.1.aar -> core-1.13.1-runtime (androidx.core:core:1.13.1) and support-compat-28.0.0.aar -> support-compat-28.0.0-runtime (com.android.support:support-compat:28.0.0)
[RUN_GRADLEW]      Duplicate class android.support.v4.os.IResultReceiver$Stub found in modules core-1.13.1.aar -> core-1.13.1-runtime (androidx.core:core:1.13.1) and support-compat-28.0.0.aar -> support-compat-28.0.0-runtime (com.android.support:support-compat:28.0.0)
[RUN_GRADLEW]      Duplicate class android.support.v4.os.IResultReceiver$Stub$Proxy found in modules core-1.13.1.aar -> core-1.13.1-runtime (androidx.core:core:1.13.1) and support-compat-28.0.0.aar -> support-compat-28.0.0-runtime (com.android.support:support-compat:28.0.0)
[RUN_GRADLEW]      Duplicate class android.support.v4.os.ResultReceiver found in modules core-1.13.1.aar -> core-1.13.1-runtime (androidx.core:core:1.13.1) and support-compat-28.0.0.aar -> support-compat-28.0.0-runtime (com.android.support:support-compat:28.0.0)
[RUN_GRADLEW]      Duplicate class android.support.v4.os.ResultReceiver$1 found in modules core-1.13.1.aar -> core-1.13.1-runtime (androidx.core:core:1.13.1) and support-compat-28.0.0.aar -> support-compat-28.0.0-runtime (com.android.support:support-compat:28.0.0)
[RUN_GRADLEW]      Duplicate class android.support.v4.os.ResultReceiver$MyResultReceiver found in modules core-1.13.1.aar -> core-1.13.1-runtime (androidx.core:core:1.13.1) and support-compat-28.0.0.aar -> support-compat-28.0.0-runtime (com.android.support:support-compat:28.0.0)
[RUN_GRADLEW]      Duplicate class android.support.v4.os.ResultReceiver$MyRunnable found in modules core-1.13.1.aar -> core-1.13.1-runtime (androidx.core:core:1.13.1) and support-compat-28.0.0.aar -> support-compat-28.0.0-runtime (com.android.support:support-compat:28.0.0)
[RUN_GRADLEW]      Duplicate class androidx.core.graphics.drawable.IconCompatParcelizer found in modules core-1.13.1.aar -> core-1.13.1-runtime (androidx.core:core:1.13.1) and support-compat-28.0.0.aar -> support-compat-28.0.0-runtime (com.android.support:support-compat:28.0.0)
[RUN_GRADLEW]      Duplicate class androidx.core.internal.package-info found in modules core-1.13.1.aar -> core-1.13.1-runtime (androidx.core:core:1.13.1) and support-compat-28.0.0.aar -> support-compat-28.0.0-runtime (com.android.support:support-compat:28.0.0)
[RUN_GRADLEW]      Duplicate class androidx.versionedparcelable.CustomVersionedParcelable found in modules versionedparcelable-1.1.1.aar -> versionedparcelable-1.1.1-runtime (androidx.versionedparcelable:versionedparcelable:1.1.1) and versionedparcelable-28.0.0.aar -> versionedparcelable-28.0.0-runtime (com.android.support:versionedparcelable:28.0.0)
[RUN_GRADLEW]      Duplicate class androidx.versionedparcelable.NonParcelField found in modules versionedparcelable-1.1.1.aar -> versionedparcelable-1.1.1-runtime (androidx.versionedparcelable:versionedparcelable:1.1.1) and versionedparcelable-28.0.0.aar -> versionedparcelable-28.0.0-runtime (com.android.support:versionedparcelable:28.0.0)
[RUN_GRADLEW]      Duplicate class androidx.versionedparcelable.ParcelField found in modules versionedparcelable-1.1.1.aar -> versionedparcelable-1.1.1-runtime (androidx.versionedparcelable:versionedparcelable:1.1.1) and versionedparcelable-28.0.0.aar -> versionedparcelable-28.0.0-runtime (com.android.support:versionedparcelable:28.0.0)
[RUN_GRADLEW]      Duplicate class androidx.versionedparcelable.ParcelImpl found in modules versionedparcelable-1.1.1.aar -> versionedparcelable-1.1.1-runtime (androidx.versionedparcelable:versionedparcelable:1.1.1) and versionedparcelable-28.0.0.aar -> versionedparcelable-28.0.0-runtime (com.android.support:versionedparcelable:28.0.0)
[RUN_GRADLEW]      Duplicate class androidx.versionedparcelable.ParcelImpl$1 found in modules versionedparcelable-1.1.1.aar -> versionedparcelable-1.1.1-runtime (androidx.versionedparcelable:versionedparcelable:1.1.1) and versionedparcelable-28.0.0.aar -> versionedparcelable-28.0.0-runtime (com.android.support:versionedparcelable:28.0.0)
[RUN_GRADLEW]      Duplicate class androidx.versionedparcelable.ParcelUtils found in modules versionedparcelable-1.1.1.aar -> versionedparcelable-1.1.1-runtime (androidx.versionedparcelable:versionedparcelable:1.1.1) and versionedparcelable-28.0.0.aar -> versionedparcelable-28.0.0-runtime (com.android.support:versionedparcelable:28.0.0)
[RUN_GRADLEW]      Duplicate class androidx.versionedparcelable.VersionedParcel found in modules versionedparcelable-1.1.1.aar -> versionedparcelable-1.1.1-runtime (androidx.versionedparcelable:versionedparcelable:1.1.1) and versionedparcelable-28.0.0.aar -> versionedparcelable-28.0.0-runtime (com.android.support:versionedparcelable:28.0.0)
[RUN_GRADLEW]      Duplicate class androidx.versionedparcelable.VersionedParcel$1 found in modules versionedparcelable-1.1.1.aar -> versionedparcelable-1.1.1-runtime (androidx.versionedparcelable:versionedparcelable:1.1.1) and versionedparcelable-28.0.0.aar -> versionedparcelable-28.0.0-runtime (com.android.support:versionedparcelable:28.0.0)
[RUN_GRADLEW]      Duplicate class androidx.versionedparcelable.VersionedParcel$ParcelException found in modules versionedparcelable-1.1.1.aar -> versionedparcelable-1.1.1-runtime (androidx.versionedparcelable:versionedparcelable:1.1.1) and versionedparcelable-28.0.0.aar -> versionedparcelable-28.0.0-runtime (com.android.support:versionedparcelable:28.0.0)
[RUN_GRADLEW]      Duplicate class androidx.versionedparcelable.VersionedParcelParcel found in modules versionedparcelable-1.1.1.aar -> versionedparcelable-1.1.1-runtime (androidx.versionedparcelable:versionedparcelable:1.1.1) and versionedparcelable-28.0.0.aar -> versionedparcelable-28.0.0-runtime (com.android.support:versionedparcelable:28.0.0)
[RUN_GRADLEW]      Duplicate class androidx.versionedparcelable.VersionedParcelStream found in modules versionedparcelable-1.1.1.aar -> versionedparcelable-1.1.1-runtime (androidx.versionedparcelable:versionedparcelable:1.1.1) and versionedparcelable-28.0.0.aar -> versionedparcelable-28.0.0-runtime (com.android.support:versionedparcelable:28.0.0)
[RUN_GRADLEW]      Duplicate class androidx.versionedparcelable.VersionedParcelStream$FieldBuffer found in modules versionedparcelable-1.1.1.aar -> versionedparcelable-1.1.1-runtime (androidx.versionedparcelable:versionedparcelable:1.1.1) and versionedparcelable-28.0.0.aar -> versionedparcelable-28.0.0-runtime (com.android.support:versionedparcelable:28.0.0)
[RUN_GRADLEW]      Duplicate class androidx.versionedparcelable.VersionedParcelable found in modules versionedparcelable-1.1.1.aar -> versionedparcelable-1.1.1-runtime (androidx.versionedparcelable:versionedparcelable:1.1.1) and versionedparcelable-28.0.0.aar -> versionedparcelable-28.0.0-runtime (com.android.support:versionedparcelable:28.0.0)
[RUN_GRADLEW]      Duplicate class androidx.versionedparcelable.VersionedParcelize found in modules versionedparcelable-1.1.1.aar -> versionedparcelable-1.1.1-runtime (androidx.versionedparcelable:versionedparcelable:1.1.1) and versionedparcelable-28.0.0.aar -> versionedparcelable-28.0.0-runtime (com.android.support:versionedparcelable:28.0.0)
[RUN_GRADLEW]      
[RUN_GRADLEW]      Go to the documentation to learn how to <a href="d.android.com/r/tools/classpath-sync-errors">Fix dependency resolution errors</a>.
[RUN_GRADLEW] * Try:
[RUN_GRADLEW] > Run with --stacktrace option to get the stack trace.
[RUN_GRADLEW] > Run with --info or --debug option to get more log output.
[RUN_GRADLEW] > Run with --scan to get full insights.
[RUN_GRADLEW] > Get more help at https://help.gradle.org.
[RUN_GRADLEW] BUILD FAILED in 38s
[RUN_GRADLEW] Deprecated Gradle features were used in this build, making it incompatible with Gradle 9.0.
[RUN_GRADLEW] You can use '--warning-mode all' to show the individual deprecation warnings and determine if they come from your own scripts or plugins.
[RUN_GRADLEW] For more on this, please refer to https://docs.gradle.org/8.10.2/userguide/command_line_interface.html#sec:command_line_warnings in the Gradle documentation.
[RUN_GRADLEW] 371 actionable tasks: 370 executed, 1 up-to-date
[RUN_GRADLEW] Error: Gradle build failed with unknown error. See logs for the "Run gradlew" phase for more information.

Build failed
Gradle build failed with unknown error. See logs for the "Run gradlew" phase for more information.
Error: Gradle build failed with unknown error. See logs for the "Run gradlew" phase for more information.
    at resolveBuildPhaseErrorAsync (/Users/ppai/.npm/_npx/51b74c4db9e60cb6/node_modules/@expo/build-tools/dist/buildErrors/detectError.js:69:12)
    at async BuildContext.handleBuildPhaseErrorAsync (/Users/ppai/.npm/_npx/51b74c4db9e60cb6/node_modules/@expo/build-tools/dist/context.js:192:28)
    at async BuildContext.runBuildPhase (/Users/ppai/.npm/_npx/51b74c4db9e60cb6/node_modules/@expo/build-tools/dist/context.js:135:35)
    at async buildAsync (/Users/ppai/.npm/_npx/51b74c4db9e60cb6/node_modules/@expo/build-tools/dist/builders/android.js:183:5)
    at async runBuilderWithHooksAsync (/Users/ppai/.npm/_npx/51b74c4db9e60cb6/node_modules/@expo/build-tools/dist/builders/common.js:12:13)
    at async Object.androidBuilder (/Users/ppai/.npm/_npx/51b74c4db9e60cb6/node_modules/@expo/build-tools/dist/builders/android.js:59:16)
    at async buildAndroidAsync (/Users/ppai/.npm/_npx/51b74c4db9e60cb6/node_modules/eas-cli-local-build-plugin/dist/android.js:44:12)
    at async buildAsync (/Users/ppai/.npm/_npx/51b74c4db9e60cb6/node_modules/eas-cli-local-build-plugin/dist/build.js:55:29)
    at async main (/Users/ppai/.npm/_npx/51b74c4db9e60cb6/node_modules/eas-cli-local-build-plugin/dist/main.js:16:9)
npx -y eas-cli-local-build-plugin@1.0.243 eyJqb2IiOnsidHlwZSI6Im1hbmFnZWQiLCJwbGF0Zm9ybSI6ImFuZHJvaWQiLCJwcm9qZWN0Um9vdERpcmVjdG9yeSI6ImFwcHMvbW9iaWxlIiwicHJvamVjdEFyY2hpdmUiOnsidHlwZSI6IlBBVEgiLCJwYXRoIjoiL3Zhci9mb2xkZXJzLzMzL3hqZGowbG5qMThsOWsxemgxNGptdnJkMDAwMDBnbi9UL2Vhcy1jbGktbm9kZWpzL2VmZWM5NDVjLTEzMDItNDRhMC05ZTg3LWQ2MGQwNDM3ODE0NC50YXIuZ3oifSwiYnVpbGRlckVudmlyb25tZW50Ijp7ImVudiI6e319LCJjYWNoZSI6eyJkaXNhYmxlZCI6ZmFsc2UsInBhdGhzIjpbXSwiY2xlYXIiOmZhbHNlfSwic2VjcmV0cyI6eyJidWlsZENyZWRlbnRpYWxzIjp7ImtleXN0b3JlIjp7ImRhdGFCYXNlNjQiOiIvdTMrN1FBQUFBSUFBQUFCQUFBQUFRQWdZbU0wWVRNME9XUXdObVV4WldVeE4yRmpNMkUzWVdReE9UbGtZbUV3WXpZQUFBR2JyUk5EbVFBQUJRTXdnZ1QvTUE0R0Npc0dBUVFCS2dJUkFRRUZBQVNDQk90OXlaV21MSDliSUpwZ21LenNXbGhzVEVDb3RXaVJiak5OazR6YUQ0UytWQUpTaStOUVZ0RUtmS1F4OGR3UzVDeU5vWDlpM3BGU1B6WUFiUjVVZXhnTUwrejlDK1NVSE5EcmkrOTIzVnVUaXh4ME1hYVVKOWNBYjJzRG1BTU9URE1lR2lsV1Y3Nzl4aDRLRmt0RzBDRCtCZnlBd3FlQXI3U1k4c0sxUW9wOTY5dDZNMCtNQXBIblhmTUlRTksrVFZ0OFdWZEZ0Q2FyK24wU3VkYTA5NU5WMXFvdllBU2lxSC9kaFo2dGV4NWp3eDZDTFdjZ0hkWGhhTG1pNXdIL1BuU1dDbDU2ZHBhSHlwWFdWTDY2N29ZT0NrSlhhTGZZK3pTbDh2cW5BU3FUS0NTeFVWZWx3dDNIclc2OENxbDFaeGJsMzJOQkZpZUU5KzYrNDBVRUI4Q3hRSEhuQmkxVll4WUhaWEtPQi9IYzdxSVZHQkRrOG9KWE5BT1ZLRHdTUlpLQllxdGZrU1dZZkhxdE9TaVVkR1hkRzNGOUZ4dlBiNC9vaGFUTjU1YjVNOUUxbGxPTXY4MzFzUGJIWERKOWp1NHhCUlNLWTJkZXRpRG93WThRa04yZklBYVAzOU93bGU1NGI0VDJyRFZWNVdHUUI2UnVMU3JrcFl1Q2ZxblRqOHJHdjJXM3Q0emJCK1NQTWhlRWRNei90WW1udWlhU3hxVkhDU3dzZEFEc3FjQnRybHdMbWJVMlRqU3JGY0tLVVJsTkM3TVBQSlVUVGh1TDczem93VTQwMlBRMXAvc1FFOHBSQTFWZktzaFBvSmQvRnA0ZnFjRG5DVFJQZEZIZ2ltZ05PUDgvRStQZGZpR04wT3VpV1hqUHgwSGpxa3Q0dmVxalluSXB3SGZXKzZ2K0dVaElsMU4ra2J4dWZyaUg5cjdTZ29kRFNjTGY5MVdPeVdzbDVWN2taWDhtU1VTeWcwVEdzbGl5WE5tYmxNeEJjWWxyNWdkd0h0UnJnNE4zdk51RE04OUx2bUVHQmlQODZ6L0l2dlQ5b1Y3dUNOc2lYc3Y3YWdZQlpHUW40MlFtcnpybE5DV0lyQUp5ZG5PM1luMkpBWC94Uk1NV1lGdU1iZ3JxSENaM3B6M0NrUWpPUlFvWncwQ0JBZTAzTUZmcGp6azNWbSsyMVNpeWRpZmxuYjgraUpYdjdRcGFRYm45a1hSc1RMTUlia2lyWmpjWVBOYXhVN1dWRCtIckFLTFNTZE4rcllVU1VaNi94S3p1YUloay9ra3JqUFA3cXBmL2YwcWIwZmZEWlJxeEgzMUtMQjJpRFVlNmxVbFQycjViYU9EWXJnNHhNcU5nTEYyM2ZqOEpaZVhyUDFNVitTNWFKQ3VMQlBsSmN1MFNsSzJFT01nR2JWaXM5cFBKR0NyaWovcmdBVlUvVHMxcC9oQ1lyNzFCbFFvblQvdXVLcytpVjZ2eTFTaXpFSjJsMjRYZHhRcWNDNXNDM0tHRUVaU1ZYbVdPSEJrZndER1IxNkVUUTdwWmtqVlBzeURjdzlhV2ROTmJteFJPZVllS25HcHgyd3Z4T1FOZWwzUjRmREZVZS9qL3FFSWI4bzZlWkl5RFcxendGcVQ5aHJsa3ZXZGJMOC9iWkZ6NVV4MjhKOGl6aHBOc1huT2F3TkZFTFpQMVl3NTNzS1YzNjBqQW9Pbm1NSHF6SVordnZLZWhIbGdxT3NBYTZwVWt1SVpUZFZscHo1bHdaU1hET1gvRTFkQmZwTjhBSG01YjZMeS9kZktsd21zVTdQUUJyYzFUOGVwUXJ3R3NRZkcvTUVjc2ZMUTMwSXZCcm1GVU5rN2lPS3JSUjV6RWlzL01wOFVVQ2RMTHVTWC94eEN5aU5vTTUwb3hTV2VKZ09BdlhzS0RJVGRnYnRldFQxTWhVNmFYSkFqNmJpblVrZ2JUMGZPWU5mVGtEVm9ZMytOOFQ5elR6UVZjK1J0QlovcllNWUZvdUdpUVV0ekNiQmE1b2xiL0RIWHBIQ0NzMEFweHhKZ0hPZ1BPVStqdVJ6SmExbjFnc0l2MVFqTkNyaklVeTIxbE0vemYzWjFtRDN2d3hMdndWRGdURysvbS9FMVJYdTJETjk1MVBHYnRjbnhScklYem9yRnJUTDhEdTZEeWx4dEpQWEh0Q0w4cW4zR0o1WTA0dTlPOXFGbjNsQjZsUkpyaWZZU3FCQnY2MGdFM1ZabnJud0dqUmdBQUFBRUFCVmd1TlRBNUFBQURNakNDQXk0d2dnSVdvQU1DQVFJQ0NRRHF3aDFYODhiL2dUQU5CZ2txaGtpRzl3MEJBUXNGQURCRU1Rc3dDUVlEVlFRR0V3SlZVekVKTUFjR0ExVUVDQk1BTVFrd0J3WURWUVFIRXdBeENUQUhCZ05WQkFvVEFERUpNQWNHQTFVRUN4TUFNUWt3QndZRFZRUURFd0F3SUJjTk1qWXdNVEV4TVRJME1URTVXaGdQTWpBMU16QTFNamt4TWpReE1UbGFNRVF4Q3pBSkJnTlZCQVlUQWxWVE1Ra3dCd1lEVlFRSUV3QXhDVEFIQmdOVkJBY1RBREVKTUFjR0ExVUVDaE1BTVFrd0J3WURWUVFMRXdBeENUQUhCZ05WQkFNVEFEQ0NBU0l3RFFZSktvWklodmNOQVFFQkJRQURnZ0VQQURDQ0FRb0NnZ0VCQU5LMVkrQXVINXdzYTQ2eXpIQUV6UU14MVIvZVc0NUY4bUpZallWQTV5RVRjSkZHSHdsYkdhVE1wcUdQSUJkRlZqeEtpNTBDbWdjYThkZ0ZUeWordjlvTk0xcVJhMXNCWE5zSGd1SjBmOFNTZ2pnU00vNUhUVFIyOXlHdjA3ZWlaOG96c0RGaE1iMXR3NjBhME9NOGpLMk1ycFpURU1EOUJscVA2SXpDU1JyT2tDcEV1UzgrNkVhU2JFZ08rYUs4TXdieGZoNTFHczZNQXFJb3prZ0JRZ1JEZ1A3UWtnS0dLUHhJc24zL0pYbHJPQ1pwSXdCUGs4MXA1bTQ0dzVSQUhiVjJuMlYvR010QmZycVpnbmVGL28vMzNWbUlVYk5JOEFXTUpsMVdKcGhsaUh6QkhxRWpCVm16dGZGN0E0N3MvRkV4VWlFZVN2a2R4aUFCVXZybitJOENBd0VBQWFNaE1COHdIUVlEVlIwT0JCWUVGRTRTaWdUMEtuVXpOMUtqbjBDRXBUT2xGSm5tTUEwR0NTcUdTSWIzRFFFQkN3VUFBNElCQVFBOSszQThreXh5c0dIbDRtWkgxQ1FFNWpWSnVSQUlBZGhORzM4ZUF3OTREY0ZDTHIxWHJuNkFNNUVsVFpxa2RUWmQ4NHFRK3pqbWlBTkhHNE5UWFF4eFNBTXpzbm81QjJsZFBHaEd4TGRsNUJhSHM5Mm9TMG5XZ200NzdHNzVqY0ZYWGh1T2NYUkRoL0pxcytIUUJGaStMY3Z0Vmh0dDlYUVE4T0R6TUkxazdXQUFOTjltVkdvMHNFYm05V29Ud0FkUHlkWDF2VnZHbXBxa1dMVStuRTJxb0puQVZUdGhsblFiY1BJeXI2R092TlhkL1ZyUHF5amR2eXVDSDVCMFpUQmVjZEFlVG9MMnRsVkVUd3JCY0lVeisvZFNMaXFnU0JoajJBZkZlTG83elJhQ092Y0dqZG1vQm1FS2dhcFhrWUNUZDFiMkhrZkJhZkh0d0JsMmJmTVJYTTNhSXhMNnFiTVhmUEtEallRbnRvektQQ1E9Iiwia2V5c3RvcmVQYXNzd29yZCI6ImVkMTliNzMyZGM2MjlkZDRmZGFlN2JhMjRkZjIyYjIzIiwia2V5QWxpYXMiOiJiYzRhMzQ5ZDA2ZTFlZTE3YWMzYTdhZDE5OWRiYTBjNiIsImtleVBhc3N3b3JkIjoiMDEzMDJjZTI4MGQyOWRkNjQyMWNiNTUxMGQ3MTNlOWMifX19LCJ1cGRhdGVzIjp7fSwiZGV2ZWxvcG1lbnRDbGllbnQiOnRydWUsImJ1aWxkVHlwZSI6ImFwayIsInVzZXJuYW1lIjoicGF2YW5wYWlrIiwiZXhwZXJpbWVudGFsIjp7fSwibW9kZSI6ImJ1aWxkIiwidHJpZ2dlcmVkQnkiOiJFQVNfQ0xJIiwiYXBwSWQiOiI3MjczMjJjZi1kMWY4LTQ5YWUtODY3OC1jZjJjYzFmZTQ3OGYiLCJpbml0aWF0aW5nVXNlcklkIjoiYzNjMjkwM2ItNjNkZC00ZTMwLWFhZDMtZmIwMDAwY2FjOTFiIn0sIm1ldGFkYXRhIjp7InRyYWNraW5nQ29udGV4dCI6eyJ0cmFja2luZ19pZCI6ImNkNTlkNjgzLTZmMDItNDY5OC05ZDVhLTllYjJiMTc5NDQ1ZCIsInBsYXRmb3JtIjoiYW5kcm9pZCIsInNka192ZXJzaW9uIjoiNTIuMC4wIiwiYWNjb3VudF9pZCI6IjNlODc4MDk1LTYwNjAtNDc1NC04OGNiLTk0YTFkOTI5MDY3NiIsInByb2plY3RfaWQiOiI3MjczMjJjZi1kMWY4LTQ5YWUtODY3OC1jZjJjYzFmZTQ3OGYiLCJwcm9qZWN0X3R5cGUiOiJtYW5hZ2VkIiwiZGV2X2NsaWVudCI6dHJ1ZSwiZGV2X2NsaWVudF92ZXJzaW9uIjoiNS4wLjIwIiwibm9fd2FpdCI6ZmFsc2UsInJ1bl9mcm9tX2NpIjpmYWxzZSwibG9jYWwiOnRydWV9LCJhcHBCdWlsZFZlcnNpb24iOiIxIiwiYXBwVmVyc2lvbiI6IjEuMC4wIiwiY2xpVmVyc2lvbiI6IjE2LjI4LjAiLCJ3b3JrZmxvdyI6Im1hbmFnZWQiLCJjcmVkZW50aWFsc1NvdXJjZSI6InJlbW90ZSIsInNka1ZlcnNpb24iOiI1Mi4wLjAiLCJmaW5nZXJwcmludEhhc2giOiJmYjcyMTgwNjIxZDFjMzFjYWI0OWFmMjZmMGNlZjI1NGJlNjk0ZDdjIiwicmVhY3ROYXRpdmVWZXJzaW9uIjoiMC43Ni45IiwiZGlzdHJpYnV0aW9uIjoiaW50ZXJuYWwiLCJhcHBOYW1lIjoiU2NhdHR5IiwiYXBwSWRlbnRpZmllciI6ImNvbS5zY2F0dHkuYXBwIiwiYnVpbGRQcm9maWxlIjoiZGV2ZWxvcG1lbnQiLCJnaXRDb21taXRIYXNoIjoiNDgxNWE1MmIxMDZlYWYxNTlhNjE2NjE0ZjY4YjVjNDNmNmJmYWM5NCIsImdpdENvbW1pdE1lc3NhZ2UiOiJFbmhhbmNlIFNjYXR0eSBhdmF0YXIgd2l0aCBhcnRpc3RpYyBwYXN0ZWwgYWVzdGhldGljLCAzRCBhbmltYXRpb25zLCBhbmQgbWFnaWMgd2FuZFxuXG4tIFJlZmluZSBjb2xvciBwYWxldHRlIHRvIHNvZnQgcGFzdGVscyAocGVhY2gsIGJ1YmJsZWd1bSwgbGF2ZW5kZXIpXG4tIEltcGxlbWVudCBkZXRhaWxlZCBidXR0ZXJmbHkgd2luZ3Mgd2l0aCAzRCBmbHV0dGVyIGFuaW1hdGlvbiAoc2NhbGUgKyByb3RhdGUpXG4tIEFkZCBhbmltYXRlZCBmbG9yYWwgc2tpcnQgd2l0aCBmcmlsbHkgbGF5ZXJlZCBwZXRhbHNcbi0gQWRkIGFybXMsIGhhbmRzLCBhbmQgYW5pbWF0ZWQgbWFnaWMgd2FuZCBnZXN0dXJlc1xuLSBJbXBsZW1lbnQgM0QgZ2xvc3MgZWZmZWN0cyBmb3IgaGFpciBhbmQgZGVlcCBzaGFkaW5nIGZvciBleWVzXG4tIEludGVncmF0ZSBlbW90aW9uLWF3YXJlIGFuaW1hdGlvbnMgZHJpdmVuIGJ5IExMTSBKU09OIHJlc3BvbnNlXG4tIEZpeCB3aW5nIGF0dGFjaG1lbnQgYW5kIGRpc2Nvbm5lY3RlZCBsb29rXG4tIEZpeCBtaXNzaW5nIHRleHQgcmVzcG9uc2VzIGluIGNoYXQgaW50ZXJmYWNlIiwiaXNHaXRXb3JraW5nVHJlZURpcnR5Ijp0cnVlLCJ1c2VybmFtZSI6InBhdmFucGFpayIsInJ1bldpdGhOb1dhaXRGbGFnIjpmYWxzZSwicnVuRnJvbUNJIjpmYWxzZSwiZGV2ZWxvcG1lbnRDbGllbnQiOnRydWUsInJlcXVpcmVkUGFja2FnZU1hbmFnZXIiOiJucG0iLCJzaW11bGF0b3IiOmZhbHNlfX0= exited with non-zero code: 1
    Error: build command failed.
